execve("\x2e\x6c\x69\x62\x73\x2f\x6c\x74\x2d\x75\x73\x62\x67\x75\x61\x72\x64\x2d\x64\x62\x75\x73", [...], [/* 42 vars */]) = 0
brk(NULL)                               = 0x1d27000
mmap(NULL, 4096, PROT_READ|PROT_WRITE, MAP_PRIVATE|MAP_ANONYMOUS, -1, 0) = 0x7f1be55ce000
access("\x2f\x65\x74\x63\x2f\x6c\x64\x2e\x73\x6f\x2e\x70\x72\x65\x6c\x6f\x61\x64", R_OK) = -1 ENOENT (No such file or directory)
open("\x2f\x68\x6f\x6d\x65\x2f\x75\x73\x65\x72\x2f\x67\x69\x74\x2f\x75\x73\x62\x67\x75\x61\x72\x64\x2f\x62\x75\x69\x6c\x64\x2f\x2e\x6c\x69\x62\x73\x2f\x74\x6c\x73\x2f\x78\x38\x36\x5f\x36\x34\x2f\x6c\x69\x62\x75\x73\x62\x67\x75\x61\x72\x64\x2e\x73\x6f\x2e\x30", O_RDONLY|O_CLOEXEC) = -1 ENOENT (No such file or directory)
stat("\x2f\x68\x6f\x6d\x65\x2f\x75\x73\x65\x72\x2f\x67\x69\x74\x2f\x75\x73\x62\x67\x75\x61\x72\x64\x2f\x62\x75\x69\x6c\x64\x2f\x2e\x6c\x69\x62\x73\x2f\x74\x6c\x73\x2f\x78\x38\x36\x5f\x36\x34", 0x7ffcf551e110) = -1 ENOENT (No such file or directory)
open("\x2f\x68\x6f\x6d\x65\x2f\x75\x73\x65\x72\x2f\x67\x69\x74\x2f\x75\x73\x62\x67\x75\x61\x72\x64\x2f\x62\x75\x69\x6c\x64\x2f\x2e\x6c\x69\x62\x73\x2f\x74\x6c\x73\x2f\x6c\x69\x62\x75\x73\x62\x67\x75\x61\x72\x64\x2e\x73\x6f\x2e\x30", O_RDONLY|O_CLOEXEC) = -1 ENOENT (No such file or directory)
stat("\x2f\x68\x6f\x6d\x65\x2f\x75\x73\x65\x72\x2f\x67\x69\x74\x2f\x75\x73\x62\x67\x75\x61\x72\x64\x2f\x62\x75\x69\x6c\x64\x2f\x2e\x6c\x69\x62\x73\x2f\x74\x6c\x73", 0x7ffcf551e110) = -1 ENOENT (No such file or directory)
open("\x2f\x68\x6f\x6d\x65\x2f\x75\x73\x65\x72\x2f\x67\x69\x74\x2f\x75\x73\x62\x67\x75\x61\x72\x64\x2f\x62\x75\x69\x6c\x64\x2f\x2e\x6c\x69\x62\x73\x2f\x78\x38\x36\x5f\x36\x34\x2f\x6c\x69\x62\x75\x73\x62\x67\x75\x61\x72\x64\x2e\x73\x6f\x2e\x30", O_RDONLY|O_CLOEXEC) = -1 ENOENT (No such file or directory)
stat("\x2f\x68\x6f\x6d\x65\x2f\x75\x73\x65\x72\x2f\x67\x69\x74\x2f\x75\x73\x62\x67\x75\x61\x72\x64\x2f\x62\x75\x69\x6c\x64\x2f\x2e\x6c\x69\x62\x73\x2f\x78\x38\x36\x5f\x36\x34", 0x7ffcf551e110) = -1 ENOENT (No such file or directory)
open("\x2f\x68\x6f\x6d\x65\x2f\x75\x73\x65\x72\x2f\x67\x69\x74\x2f\x75\x73\x62\x67\x75\x61\x72\x64\x2f\x62\x75\x69\x6c\x64\x2f\x2e\x6c\x69\x62\x73\x2f\x6c\x69\x62\x75\x73\x62\x67\x75\x61\x72\x64\x2e\x73\x6f\x2e\x30", O_RDONLY|O_CLOEXEC) = 3
read(3, ""..., 832)                     = 832
fstat(3, {st_mode=S_IFREG|0775, st_size=2687968, ...}) = 0
mmap(NULL, 3635112, PROT_READ|PROT_EXEC, MAP_PRIVATE|MAP_DENYWRITE, 3, 0) = 0x7f1be5037000
mprotect(0x7f1be51a4000, 2093056, PROT_NONE) = 0
mmap(0x7f1be53a3000, 36864, PROT_READ|PROT_WRITE, MAP_PRIVATE|MAP_FIXED|MAP_DENYWRITE, 3, 0x16c000) = 0x7f1be53a3000
mmap(0x7f1be53ac000, 10152, PROT_READ|PROT_WRITE, MAP_PRIVATE|MAP_FIXED|MAP_ANONYMOUS, -1, 0) = 0x7f1be53ac000
close(3)                                = 0
open("\x2f\x68\x6f\x6d\x65\x2f\x75\x73\x65\x72\x2f\x67\x69\x74\x2f\x75\x73\x62\x67\x75\x61\x72\x64\x2f\x62\x75\x69\x6c\x64\x2f\x2e\x6c\x69\x62\x73\x2f\x6c\x69\x62\x71\x62\x2e\x73\x6f\x2e\x30", O_RDONLY|O_CLOEXEC) = -1 ENOENT (No such file or directory)
open("\x2f\x75\x73\x72\x2f\x6c\x6f\x63\x61\x6c\x2f\x6c\x69\x62\x2f\x74\x6c\x73\x2f\x78\x38\x36\x5f\x36\x34\x2f\x6c\x69\x62\x71\x62\x2e\x73\x6f\x2e\x30", O_RDONLY|O_CLOEXEC) = -1 ENOENT (No such file or directory)
stat("\x2f\x75\x73\x72\x2f\x6c\x6f\x63\x61\x6c\x2f\x6c\x69\x62\x2f\x74\x6c\x73\x2f\x78\x38\x36\x5f\x36\x34", 0x7ffcf551e0e0) = -1 ENOENT (No such file or directory)
open("\x2f\x75\x73\x72\x2f\x6c\x6f\x63\x61\x6c\x2f\x6c\x69\x62\x2f\x74\x6c\x73\x2f\x6c\x69\x62\x71\x62\x2e\x73\x6f\x2e\x30", O_RDONLY|O_CLOEXEC) = -1 ENOENT (No such file or directory)
stat("\x2f\x75\x73\x72\x2f\x6c\x6f\x63\x61\x6c\x2f\x6c\x69\x62\x2f\x74\x6c\x73", 0x7ffcf551e0e0) = -1 ENOENT (No such file or directory)
open("\x2f\x75\x73\x72\x2f\x6c\x6f\x63\x61\x6c\x2f\x6c\x69\x62\x2f\x78\x38\x36\x5f\x36\x34\x2f\x6c\x69\x62\x71\x62\x2e\x73\x6f\x2e\x30", O_RDONLY|O_CLOEXEC) = -1 ENOENT (No such file or directory)
stat("\x2f\x75\x73\x72\x2f\x6c\x6f\x63\x61\x6c\x2f\x6c\x69\x62\x2f\x78\x38\x36\x5f\x36\x34", 0x7ffcf551e0e0) = -1 ENOENT (No such file or directory)
open("\x2f\x75\x73\x72\x2f\x6c\x6f\x63\x61\x6c\x2f\x6c\x69\x62\x2f\x6c\x69\x62\x71\x62\x2e\x73\x6f\x2e\x30", O_RDONLY|O_CLOEXEC) = -1 ENOENT (No such file or directory)
stat("\x2f\x75\x73\x72\x2f\x6c\x6f\x63\x61\x6c\x2f\x6c\x69\x62", {st_mode=S_IFDIR|0755, st_size=4096, ...}) = 0
open("\x2f\x65\x74\x63\x2f\x6c\x64\x2e\x73\x6f\x2e\x63\x61\x63\x68\x65", O_RDONLY|O_CLOEXEC) = 3
fstat(3, {st_mode=S_IFREG|0644, st_size=104783, ...}) = 0
mmap(NULL, 104783, PROT_READ, MAP_PRIVATE, 3, 0) = 0x7f1be55b4000
close(3)                                = 0
open("\x2f\x6c\x69\x62\x36\x34\x2f\x6c\x69\x62\x71\x62\x2e\x73\x6f\x2e\x30", O_RDONLY|O_CLOEXEC) = 3
read(3, ""..., 832)                     = 832
fstat(3, {st_mode=S_IFREG|0755, st_size=153432, ...}) = 0
mmap(NULL, 4096, PROT_READ|PROT_WRITE, MAP_PRIVATE|MAP_ANONYMOUS, -1, 0) = 0x7f1be55b3000
mmap(NULL, 2512256, PROT_READ|PROT_EXEC, MAP_PRIVATE|MAP_DENYWRITE, 3, 0) = 0x7f1be4dd1000
mprotect(0x7f1be4df3000, 2097152, PROT_NONE) = 0
mmap(0x7f1be4ff3000, 12288, PROT_READ|PROT_WRITE, MAP_PRIVATE|MAP_FIXED|MAP_DENYWRITE, 3, 0x22000) = 0x7f1be4ff3000
mmap(0x7f1be4ff6000, 263552, PROT_READ|PROT_WRITE, MAP_PRIVATE|MAP_FIXED|MAP_ANONYMOUS, -1, 0) = 0x7f1be4ff6000
close(3)                                = 0
open("\x2f\x68\x6f\x6d\x65\x2f\x75\x73\x65\x72\x2f\x67\x69\x74\x2f\x75\x73\x62\x67\x75\x61\x72\x64\x2f\x62\x75\x69\x6c\x64\x2f\x2e\x6c\x69\x62\x73\x2f\x6c\x69\x62\x64\x6c\x2e\x73\x6f\x2e\x32", O_RDONLY|O_CLOEXEC) = -1 ENOENT (No such file or directory)
open("\x2f\x75\x73\x72\x2f\x6c\x6f\x63\x61\x6c\x2f\x6c\x69\x62\x2f\x6c\x69\x62\x64\x6c\x2e\x73\x6f\x2e\x32", O_RDONLY|O_CLOEXEC) = -1 ENOENT (No such file or directory)
open("\x2f\x6c\x69\x62\x36\x34\x2f\x6c\x69\x62\x64\x6c\x2e\x73\x6f\x2e\x32", O_RDONLY|O_CLOEXEC) = 3
read(3, ""..., 832)                     = 832
fstat(3, {st_mode=S_IFREG|0755, st_size=19776, ...}) = 0
mmap(NULL, 2109712, PROT_READ|PROT_EXEC, MAP_PRIVATE|MAP_DENYWRITE, 3, 0) = 0x7f1be4bcd000
mprotect(0x7f1be4bd0000, 2093056, PROT_NONE) = 0
mmap(0x7f1be4dcf000, 8192, PROT_READ|PROT_WRITE, MAP_PRIVATE|MAP_FIXED|MAP_DENYWRITE, 3, 0x2000) = 0x7f1be4dcf000
close(3)                                = 0
open("\x2f\x68\x6f\x6d\x65\x2f\x75\x73\x65\x72\x2f\x67\x69\x74\x2f\x75\x73\x62\x67\x75\x61\x72\x64\x2f\x62\x75\x69\x6c\x64\x2f\x2e\x6c\x69\x62\x73\x2f\x6c\x69\x62\x72\x74\x2e\x73\x6f\x2e\x31", O_RDONLY|O_CLOEXEC) = -1 ENOENT (No such file or directory)
open("\x2f\x75\x73\x72\x2f\x6c\x6f\x63\x61\x6c\x2f\x6c\x69\x62\x2f\x6c\x69\x62\x72\x74\x2e\x73\x6f\x2e\x31", O_RDONLY|O_CLOEXEC) = -1 ENOENT (No such file or directory)
open("\x2f\x6c\x69\x62\x36\x34\x2f\x6c\x69\x62\x72\x74\x2e\x73\x6f\x2e\x31", O_RDONLY|O_CLOEXEC) = 3
read(3, ""..., 832)                     = 832
fstat(3, {st_mode=S_IFREG|0755, st_size=43784, ...}) = 0
mmap(NULL, 2128800, PROT_READ|PROT_EXEC, MAP_PRIVATE|MAP_DENYWRITE, 3, 0) = 0x7f1be49c5000
mprotect(0x7f1be49cc000, 2093056, PROT_NONE) = 0
mmap(0x7f1be4bcb000, 8192, PROT_READ|PROT_WRITE, MAP_PRIVATE|MAP_FIXED|MAP_DENYWRITE, 3, 0x6000) = 0x7f1be4bcb000
close(3)                                = 0
open("\x2f\x68\x6f\x6d\x65\x2f\x75\x73\x65\x72\x2f\x67\x69\x74\x2f\x75\x73\x62\x67\x75\x61\x72\x64\x2f\x62\x75\x69\x6c\x64\x2f\x2e\x6c\x69\x62\x73\x2f\x6c\x69\x62\x70\x74\x68\x72\x65\x61\x64\x2e\x73\x6f\x2e\x30", O_RDONLY|O_CLOEXEC) = -1 ENOENT (No such file or directory)
open("\x2f\x75\x73\x72\x2f\x6c\x6f\x63\x61\x6c\x2f\x6c\x69\x62\x2f\x6c\x69\x62\x70\x74\x68\x72\x65\x61\x64\x2e\x73\x6f\x2e\x30", O_RDONLY|O_CLOEXEC) = -1 ENOENT (No such file or directory)
open("\x2f\x6c\x69\x62\x36\x34\x2f\x6c\x69\x62\x70\x74\x68\x72\x65\x61\x64\x2e\x73\x6f\x2e\x30", O_RDONLY|O_CLOEXEC) = 3
read(3, ""..., 832)                     = 832
fstat(3, {st_mode=S_IFREG|0755, st_size=149496, ...}) = 0
mmap(NULL, 4096, PROT_READ|PROT_WRITE, MAP_PRIVATE|MAP_ANONYMOUS, -1, 0) = 0x7f1be55b2000
mmap(NULL, 2213040, PROT_READ|PROT_EXEC, MAP_PRIVATE|MAP_DENYWRITE, 3, 0) = 0x7f1be47a8000
mprotect(0x7f1be47c0000, 2093056, PROT_NONE) = 0
mmap(0x7f1be49bf000, 8192, PROT_READ|PROT_WRITE, MAP_PRIVATE|MAP_FIXED|MAP_DENYWRITE, 3, 0x17000) = 0x7f1be49bf000
mmap(0x7f1be49c1000, 13488, PROT_READ|PROT_WRITE, MAP_PRIVATE|MAP_FIXED|MAP_ANONYMOUS, -1, 0) = 0x7f1be49c1000
close(3)                                = 0
open("\x2f\x68\x6f\x6d\x65\x2f\x75\x73\x65\x72\x2f\x67\x69\x74\x2f\x75\x73\x62\x67\x75\x61\x72\x64\x2f\x62\x75\x69\x6c\x64\x2f\x2e\x6c\x69\x62\x73\x2f\x6c\x69\x62\x75\x64\x65\x76\x2e\x73\x6f\x2e\x31", O_RDONLY|O_CLOEXEC) = -1 ENOENT (No such file or directory)
open("\x2f\x75\x73\x72\x2f\x6c\x6f\x63\x61\x6c\x2f\x6c\x69\x62\x2f\x6c\x69\x62\x75\x64\x65\x76\x2e\x73\x6f\x2e\x31", O_RDONLY|O_CLOEXEC) = -1 ENOENT (No such file or directory)
open("\x2f\x6c\x69\x62\x36\x34\x2f\x6c\x69\x62\x75\x64\x65\x76\x2e\x73\x6f\x2e\x31", O_RDONLY|O_CLOEXEC) = 3
read(3, ""..., 832)                     = 832
fstat(3, {st_mode=S_IFREG|0755, st_size=133928, ...}) = 0
mmap(NULL, 134624, PROT_READ|PROT_EXEC, MAP_PRIVATE|MAP_DENYWRITE, 3, 0) = 0x7f1be5591000
mprotect(0x7f1be55af000, 4096, PROT_NONE) = 0
mmap(0x7f1be55b0000, 8192, PROT_READ|PROT_WRITE, MAP_PRIVATE|MAP_FIXED|MAP_DENYWRITE, 3, 0x1e000) = 0x7f1be55b0000
close(3)                                = 0
open("\x2f\x68\x6f\x6d\x65\x2f\x75\x73\x65\x72\x2f\x67\x69\x74\x2f\x75\x73\x62\x67\x75\x61\x72\x64\x2f\x62\x75\x69\x6c\x64\x2f\x2e\x6c\x69\x62\x73\x2f\x6c\x69\x62\x73\x6f\x64\x69\x75\x6d\x2e\x73\x6f\x2e\x31\x33", O_RDONLY|O_CLOEXEC) = -1 ENOENT (No such file or directory)
open("\x2f\x75\x73\x72\x2f\x6c\x6f\x63\x61\x6c\x2f\x6c\x69\x62\x2f\x6c\x69\x62\x73\x6f\x64\x69\x75\x6d\x2e\x73\x6f\x2e\x31\x33", O_RDONLY|O_CLOEXEC) = -1 ENOENT (No such file or directory)
open("\x2f\x6c\x69\x62\x36\x34\x2f\x6c\x69\x62\x73\x6f\x64\x69\x75\x6d\x2e\x73\x6f\x2e\x31\x33", O_RDONLY|O_CLOEXEC) = 3
read(3, ""..., 832)                     = 832
fstat(3, {st_mode=S_IFREG|0755, st_size=357600, ...}) = 0
mmap(NULL, 2450056, PROT_READ|PROT_EXEC, MAP_PRIVATE|MAP_DENYWRITE, 3, 0) = 0x7f1be4551000
mprotect(0x7f1be459e000, 2097152, PROT_NONE) = 0
mmap(0x7f1be479e000, 40960, PROT_READ|PROT_WRITE, MAP_PRIVATE|MAP_FIXED|MAP_DENYWRITE, 3, 0x4d000) = 0x7f1be479e000
close(3)                                = 0
open("\x2f\x68\x6f\x6d\x65\x2f\x75\x73\x65\x72\x2f\x67\x69\x74\x2f\x75\x73\x62\x67\x75\x61\x72\x64\x2f\x62\x75\x69\x6c\x64\x2f\x2e\x6c\x69\x62\x73\x2f\x6c\x69\x62\x64\x62\x75\x73\x2d\x67\x6c\x69\x62\x2d\x31\x2e\x73\x6f\x2e\x32", O_RDONLY|O_CLOEXEC) = -1 ENOENT (No such file or directory)
open("\x2f\x75\x73\x72\x2f\x6c\x6f\x63\x61\x6c\x2f\x6c\x69\x62\x2f\x6c\x69\x62\x64\x62\x75\x73\x2d\x67\x6c\x69\x62\x2d\x31\x2e\x73\x6f\x2e\x32", O_RDONLY|O_CLOEXEC) = -1 ENOENT (No such file or directory)
open("\x2f\x6c\x69\x62\x36\x34\x2f\x6c\x69\x62\x64\x62\x75\x73\x2d\x67\x6c\x69\x62\x2d\x31\x2e\x73\x6f\x2e\x32", O_RDONLY|O_CLOEXEC) = 3
read(3, ""..., 832)                     = 832
fstat(3, {st_mode=S_IFREG|0755, st_size=177200, ...}) = 0
mmap(NULL, 4096, PROT_READ|PROT_WRITE, MAP_PRIVATE|MAP_ANONYMOUS, -1, 0) = 0x7f1be5590000
mmap(NULL, 2269560, PROT_READ|PROT_EXEC, MAP_PRIVATE|MAP_DENYWRITE, 3, 0) = 0x7f1be4326000
mprotect(0x7f1be434f000, 2093056, PROT_NONE) = 0
mmap(0x7f1be454e000, 12288, PROT_READ|PROT_WRITE, MAP_PRIVATE|MAP_FIXED|MAP_DENYWRITE, 3, 0x28000) = 0x7f1be454e000
close(3)                                = 0
open("\x2f\x68\x6f\x6d\x65\x2f\x75\x73\x65\x72\x2f\x67\x69\x74\x2f\x75\x73\x62\x67\x75\x61\x72\x64\x2f\x62\x75\x69\x6c\x64\x2f\x2e\x6c\x69\x62\x73\x2f\x6c\x69\x62\x64\x62\x75\x73\x2d\x31\x2e\x73\x6f\x2e\x33", O_RDONLY|O_CLOEXEC) = -1 ENOENT (No such file or directory)
open("\x2f\x75\x73\x72\x2f\x6c\x6f\x63\x61\x6c\x2f\x6c\x69\x62\x2f\x6c\x69\x62\x64\x62\x75\x73\x2d\x31\x2e\x73\x6f\x2e\x33", O_RDONLY|O_CLOEXEC) = -1 ENOENT (No such file or directory)
open("\x2f\x6c\x69\x62\x36\x34\x2f\x6c\x69\x62\x64\x62\x75\x73\x2d\x31\x2e\x73\x6f\x2e\x33", O_RDONLY|O_CLOEXEC) = 3
read(3, ""..., 832)                     = 832
fstat(3, {st_mode=S_IFREG|0755, st_size=332816, ...}) = 0
mmap(NULL, 2421456, PROT_READ|PROT_EXEC, MAP_PRIVATE|MAP_DENYWRITE, 3, 0) = 0x7f1be40d6000
mprotect(0x7f1be4124000, 2093056, PROT_NONE) = 0
mmap(0x7f1be4323000, 12288, PROT_READ|PROT_WRITE, MAP_PRIVATE|MAP_FIXED|MAP_DENYWRITE, 3, 0x4d000) = 0x7f1be4323000
close(3)                                = 0
open("\x2f\x68\x6f\x6d\x65\x2f\x75\x73\x65\x72\x2f\x67\x69\x74\x2f\x75\x73\x62\x67\x75\x61\x72\x64\x2f\x62\x75\x69\x6c\x64\x2f\x2e\x6c\x69\x62\x73\x2f\x6c\x69\x62\x67\x69\x6f\x2d\x32\x2e\x30\x2e\x73\x6f\x2e\x30", O_RDONLY|O_CLOEXEC) = -1 ENOENT (No such file or directory)
open("\x2f\x75\x73\x72\x2f\x6c\x6f\x63\x61\x6c\x2f\x6c\x69\x62\x2f\x6c\x69\x62\x67\x69\x6f\x2d\x32\x2e\x30\x2e\x73\x6f\x2e\x30", O_RDONLY|O_CLOEXEC) = -1 ENOENT (No such file or directory)
open("\x2f\x6c\x69\x62\x36\x34\x2f\x6c\x69\x62\x67\x69\x6f\x2d\x32\x2e\x30\x2e\x73\x6f\x2e\x30", O_RDONLY|O_CLOEXEC) = 3
read(3, ""..., 832)                     = 832
fstat(3, {st_mode=S_IFREG|0755, st_size=1593920, ...}) = 0
mmap(NULL, 3669960, PROT_READ|PROT_EXEC, MAP_PRIVATE|MAP_DENYWRITE, 3, 0) = 0x7f1be3d56000
mprotect(0x7f1be3ece000, 2097152, PROT_NONE) = 0
mmap(0x7f1be40ce000, 28672, PROT_READ|PROT_WRITE, MAP_PRIVATE|MAP_FIXED|MAP_DENYWRITE, 3, 0x178000) = 0x7f1be40ce000
mmap(0x7f1be40d5000, 4040, PROT_READ|PROT_WRITE, MAP_PRIVATE|MAP_FIXED|MAP_ANONYMOUS, -1, 0) = 0x7f1be40d5000
close(3)                                = 0
open("\x2f\x68\x6f\x6d\x65\x2f\x75\x73\x65\x72\x2f\x67\x69\x74\x2f\x75\x73\x62\x67\x75\x61\x72\x64\x2f\x62\x75\x69\x6c\x64\x2f\x2e\x6c\x69\x62\x73\x2f\x6c\x69\x62\x67\x6f\x62\x6a\x65\x63\x74\x2d\x32\x2e\x30\x2e\x73\x6f\x2e\x30", O_RDONLY|O_CLOEXEC) = -1 ENOENT (No such file or directory)
open("\x2f\x75\x73\x72\x2f\x6c\x6f\x63\x61\x6c\x2f\x6c\x69\x62\x2f\x6c\x69\x62\x67\x6f\x62\x6a\x65\x63\x74\x2d\x32\x2e\x30\x2e\x73\x6f\x2e\x30", O_RDONLY|O_CLOEXEC) = -1 ENOENT (No such file or directory)
open("\x2f\x6c\x69\x62\x36\x34\x2f\x6c\x69\x62\x67\x6f\x62\x6a\x65\x63\x74\x2d\x32\x2e\x30\x2e\x73\x6f\x2e\x30", O_RDONLY|O_CLOEXEC) = 3
read(3, ""..., 832)                     = 832
fstat(3, {st_mode=S_IFREG|0755, st_size=340408, ...}) = 0
mmap(NULL, 4096, PROT_READ|PROT_WRITE, MAP_PRIVATE|MAP_ANONYMOUS, -1, 0) = 0x7f1be558f000
mmap(NULL, 2431880, PROT_READ|PROT_EXEC, MAP_PRIVATE|MAP_DENYWRITE, 3, 0) = 0x7f1be3b04000
mprotect(0x7f1be3b54000, 2097152, PROT_NONE) = 0
mmap(0x7f1be3d54000, 8192, PROT_READ|PROT_WRITE, MAP_PRIVATE|MAP_FIXED|MAP_DENYWRITE, 3, 0x50000) = 0x7f1be3d54000
close(3)                                = 0
open("\x2f\x68\x6f\x6d\x65\x2f\x75\x73\x65\x72\x2f\x67\x69\x74\x2f\x75\x73\x62\x67\x75\x61\x72\x64\x2f\x62\x75\x69\x6c\x64\x2f\x2e\x6c\x69\x62\x73\x2f\x6c\x69\x62\x67\x6c\x69\x62\x2d\x32\x2e\x30\x2e\x73\x6f\x2e\x30", O_RDONLY|O_CLOEXEC) = -1 ENOENT (No such file or directory)
open("\x2f\x75\x73\x72\x2f\x6c\x6f\x63\x61\x6c\x2f\x6c\x69\x62\x2f\x6c\x69\x62\x67\x6c\x69\x62\x2d\x32\x2e\x30\x2e\x73\x6f\x2e\x30", O_RDONLY|O_CLOEXEC) = -1 ENOENT (No such file or directory)
open("\x2f\x6c\x69\x62\x36\x34\x2f\x6c\x69\x62\x67\x6c\x69\x62\x2d\x32\x2e\x30\x2e\x73\x6f\x2e\x30", O_RDONLY|O_CLOEXEC) = 3
read(3, ""..., 832)                     = 832
fstat(3, {st_mode=S_IFREG|0755, st_size=1290368, ...}) = 0
mmap(NULL, 3379024, PROT_READ|PROT_EXEC, MAP_PRIVATE|MAP_DENYWRITE, 3, 0) = 0x7f1be37cb000
mprotect(0x7f1be3902000, 2097152, PROT_NONE) = 0
mmap(0x7f1be3b02000, 8192, PROT_READ|PROT_WRITE, MAP_PRIVATE|MAP_FIXED|MAP_DENYWRITE, 3, 0x137000) = 0x7f1be3b02000
close(3)                                = 0
open("\x2f\x68\x6f\x6d\x65\x2f\x75\x73\x65\x72\x2f\x67\x69\x74\x2f\x75\x73\x62\x67\x75\x61\x72\x64\x2f\x62\x75\x69\x6c\x64\x2f\x2e\x6c\x69\x62\x73\x2f\x6c\x69\x62\x73\x65\x63\x63\x6f\x6d\x70\x2e\x73\x6f\x2e\x32", O_RDONLY|O_CLOEXEC) = -1 ENOENT (No such file or directory)
open("\x2f\x75\x73\x72\x2f\x6c\x6f\x63\x61\x6c\x2f\x6c\x69\x62\x2f\x6c\x69\x62\x73\x65\x63\x63\x6f\x6d\x70\x2e\x73\x6f\x2e\x32", O_RDONLY|O_CLOEXEC) = -1 ENOENT (No such file or directory)
open("\x2f\x6c\x69\x62\x36\x34\x2f\x6c\x69\x62\x73\x65\x63\x63\x6f\x6d\x70\x2e\x73\x6f\x2e\x32", O_RDONLY|O_CLOEXEC) = 3
read(3, ""..., 832)                     = 832
fstat(3, {st_mode=S_IFREG|0755, st_size=179888, ...}) = 0
mmap(NULL, 2273296, PROT_READ|PROT_EXEC, MAP_PRIVATE|MAP_DENYWRITE, 3, 0) = 0x7f1be359f000
mprotect(0x7f1be35bd000, 2093056, PROT_NONE) = 0
mmap(0x7f1be37bc000, 61440, PROT_READ|PROT_WRITE, MAP_PRIVATE|MAP_FIXED|MAP_DENYWRITE, 3, 0x1d000) = 0x7f1be37bc000
close(3)                                = 0
open("\x2f\x68\x6f\x6d\x65\x2f\x75\x73\x65\x72\x2f\x67\x69\x74\x2f\x75\x73\x62\x67\x75\x61\x72\x64\x2f\x62\x75\x69\x6c\x64\x2f\x2e\x6c\x69\x62\x73\x2f\x6c\x69\x62\x63\x61\x70\x2d\x6e\x67\x2e\x73\x6f\x2e\x30", O_RDONLY|O_CLOEXEC) = -1 ENOENT (No such file or directory)
open("\x2f\x75\x73\x72\x2f\x6c\x6f\x63\x61\x6c\x2f\x6c\x69\x62\x2f\x6c\x69\x62\x63\x61\x70\x2d\x6e\x67\x2e\x73\x6f\x2e\x30", O_RDONLY|O_CLOEXEC) = -1 ENOENT (No such file or directory)
open("\x2f\x6c\x69\x62\x36\x34\x2f\x6c\x69\x62\x63\x61\x70\x2d\x6e\x67\x2e\x73\x6f\x2e\x30", O_RDONLY|O_CLOEXEC) = 3
read(3, ""..., 832)                     = 832
fstat(3, {st_mode=S_IFREG|0755, st_size=23376, ...}) = 0
mmap(NULL, 4096, PROT_READ|PROT_WRITE, MAP_PRIVATE|MAP_ANONYMOUS, -1, 0) = 0x7f1be558e000
mmap(NULL, 2117640, PROT_READ|PROT_EXEC, MAP_PRIVATE|MAP_DENYWRITE, 3, 0) = 0x7f1be3399000
mprotect(0x7f1be339d000, 2097152, PROT_NONE) = 0
mmap(0x7f1be359d000, 8192, PROT_READ|PROT_WRITE, MAP_PRIVATE|MAP_FIXED|MAP_DENYWRITE, 3, 0x4000) = 0x7f1be359d000
close(3)                                = 0
open("\x2f\x68\x6f\x6d\x65\x2f\x75\x73\x65\x72\x2f\x67\x69\x74\x2f\x75\x73\x62\x67\x75\x61\x72\x64\x2f\x62\x75\x69\x6c\x64\x2f\x2e\x6c\x69\x62\x73\x2f\x6c\x69\x62\x73\x74\x64\x63\x2b\x2b\x2e\x73\x6f\x2e\x36", O_RDONLY|O_CLOEXEC) = -1 ENOENT (No such file or directory)
open("\x2f\x75\x73\x72\x2f\x6c\x6f\x63\x61\x6c\x2f\x6c\x69\x62\x2f\x6c\x69\x62\x73\x74\x64\x63\x2b\x2b\x2e\x73\x6f\x2e\x36", O_RDONLY|O_CLOEXEC) = -1 ENOENT (No such file or directory)
open("\x2f\x6c\x69\x62\x36\x34\x2f\x6c\x69\x62\x73\x74\x64\x63\x2b\x2b\x2e\x73\x6f\x2e\x36", O_RDONLY|O_CLOEXEC) = 3
read(3, ""..., 832)                     = 832
fstat(3, {st_mode=S_IFREG|0755, st_size=1566600, ...}) = 0
mmap(NULL, 3675328, PROT_READ|PROT_EXEC, MAP_PRIVATE|MAP_DENYWRITE, 3, 0) = 0x7f1be3017000
mprotect(0x7f1be3189000, 2097152, PROT_NONE) = 0
mmap(0x7f1be3389000, 49152, PROT_READ|PROT_WRITE, MAP_PRIVATE|MAP_FIXED|MAP_DENYWRITE, 3, 0x172000) = 0x7f1be3389000
mmap(0x7f1be3395000, 13504, PROT_READ|PROT_WRITE, MAP_PRIVATE|MAP_FIXED|MAP_ANONYMOUS, -1, 0) = 0x7f1be3395000
close(3)                                = 0
open("\x2f\x68\x6f\x6d\x65\x2f\x75\x73\x65\x72\x2f\x67\x69\x74\x2f\x75\x73\x62\x67\x75\x61\x72\x64\x2f\x62\x75\x69\x6c\x64\x2f\x2e\x6c\x69\x62\x73\x2f\x6c\x69\x62\x6d\x2e\x73\x6f\x2e\x36", O_RDONLY|O_CLOEXEC) = -1 ENOENT (No such file or directory)
open("\x2f\x75\x73\x72\x2f\x6c\x6f\x63\x61\x6c\x2f\x6c\x69\x62\x2f\x6c\x69\x62\x6d\x2e\x73\x6f\x2e\x36", O_RDONLY|O_CLOEXEC) = -1 ENOENT (No such file or directory)
open("\x2f\x6c\x69\x62\x36\x34\x2f\x6c\x69\x62\x6d\x2e\x73\x6f\x2e\x36", O_RDONLY|O_CLOEXEC) = 3
read(3, ""..., 832)                     = 832
fstat(3, {st_mode=S_IFREG|0755, st_size=1141184, ...}) = 0
mmap(NULL, 3150104, PROT_READ|PROT_EXEC, MAP_PRIVATE|MAP_DENYWRITE, 3, 0) = 0x7f1be2d15000
mprotect(0x7f1be2e16000, 2093056, PROT_NONE) = 0
mmap(0x7f1be3015000, 8192, PROT_READ|PROT_WRITE, MAP_PRIVATE|MAP_FIXED|MAP_DENYWRITE, 3, 0x100000) = 0x7f1be3015000
close(3)                                = 0
open("\x2f\x68\x6f\x6d\x65\x2f\x75\x73\x65\x72\x2f\x67\x69\x74\x2f\x75\x73\x62\x67\x75\x61\x72\x64\x2f\x62\x75\x69\x6c\x64\x2f\x2e\x6c\x69\x62\x73\x2f\x6c\x69\x62\x67\x63\x63\x5f\x73\x2e\x73\x6f\x2e\x31", O_RDONLY|O_CLOEXEC) = -1 ENOENT (No such file or directory)
open("\x2f\x75\x73\x72\x2f\x6c\x6f\x63\x61\x6c\x2f\x6c\x69\x62\x2f\x6c\x69\x62\x67\x63\x63\x5f\x73\x2e\x73\x6f\x2e\x31", O_RDONLY|O_CLOEXEC) = -1 ENOENT (No such file or directory)
open("\x2f\x6c\x69\x62\x36\x34\x2f\x6c\x69\x62\x67\x63\x63\x5f\x73\x2e\x73\x6f\x2e\x31", O_RDONLY|O_CLOEXEC) = 3
read(3, ""..., 832)                     = 832
fstat(3, {st_mode=S_IFREG|0755, st_size=92816, ...}) = 0
mmap(NULL, 4096, PROT_READ|PROT_WRITE, MAP_PRIVATE|MAP_ANONYMOUS, -1, 0) = 0x7f1be558d000
mmap(NULL, 2188320, PROT_READ|PROT_EXEC, MAP_PRIVATE|MAP_DENYWRITE, 3, 0) = 0x7f1be2afe000
mprotect(0x7f1be2b14000, 2093056, PROT_NONE) = 0
mmap(0x7f1be2d13000, 8192, PROT_READ|PROT_WRITE, MAP_PRIVATE|MAP_FIXED|MAP_DENYWRITE, 3, 0x15000) = 0x7f1be2d13000
close(3)                                = 0
open("\x2f\x68\x6f\x6d\x65\x2f\x75\x73\x65\x72\x2f\x67\x69\x74\x2f\x75\x73\x62\x67\x75\x61\x72\x64\x2f\x62\x75\x69\x6c\x64\x2f\x2e\x6c\x69\x62\x73\x2f\x6c\x69\x62\x63\x2e\x73\x6f\x2e\x36", O_RDONLY|O_CLOEXEC) = -1 ENOENT (No such file or directory)
open("\x2f\x75\x73\x72\x2f\x6c\x6f\x63\x61\x6c\x2f\x6c\x69\x62\x2f\x6c\x69\x62\x63\x2e\x73\x6f\x2e\x36", O_RDONLY|O_CLOEXEC) = -1 ENOENT (No such file or directory)
open("\x2f\x6c\x69\x62\x36\x34\x2f\x6c\x69\x62\x63\x2e\x73\x6f\x2e\x36", O_RDONLY|O_CLOEXEC) = 3
read(3, ""..., 832)                     = 832
fstat(3, {st_mode=S_IFREG|0755, st_size=2103656, ...}) = 0
mmap(NULL, 3934784, PROT_READ|PROT_EXEC, MAP_PRIVATE|MAP_DENYWRITE, 3, 0) = 0x7f1be273d000
mprotect(0x7f1be28f4000, 2097152, PROT_NONE) = 0
mmap(0x7f1be2af4000, 24576, PROT_READ|PROT_WRITE, MAP_PRIVATE|MAP_FIXED|MAP_DENYWRITE, 3, 0x1b7000) = 0x7f1be2af4000
mmap(0x7f1be2afa000, 14912, PROT_READ|PROT_WRITE, MAP_PRIVATE|MAP_FIXED|MAP_ANONYMOUS, -1, 0) = 0x7f1be2afa000
close(3)                                = 0
open("\x2f\x68\x6f\x6d\x65\x2f\x75\x73\x65\x72\x2f\x67\x69\x74\x2f\x75\x73\x62\x67\x75\x61\x72\x64\x2f\x62\x75\x69\x6c\x64\x2f\x2e\x6c\x69\x62\x73\x2f\x6c\x69\x62\x73\x65\x6c\x69\x6e\x75\x78\x2e\x73\x6f\x2e\x31", O_RDONLY|O_CLOEXEC) = -1 ENOENT (No such file or directory)
open("\x2f\x75\x73\x72\x2f\x6c\x6f\x63\x61\x6c\x2f\x6c\x69\x62\x2f\x6c\x69\x62\x73\x65\x6c\x69\x6e\x75\x78\x2e\x73\x6f\x2e\x31", O_RDONLY|O_CLOEXEC) = -1 ENOENT (No such file or directory)
open("\x2f\x6c\x69\x62\x36\x34\x2f\x6c\x69\x62\x73\x65\x6c\x69\x6e\x75\x78\x2e\x73\x6f\x2e\x31", O_RDONLY|O_CLOEXEC) = 3
read(3, ""..., 832)                     = 832
fstat(3, {st_mode=S_IFREG|0755, st_size=136600, ...}) = 0
mmap(NULL, 4096, PROT_READ|PROT_WRITE, MAP_PRIVATE|MAP_ANONYMOUS, -1, 0) = 0x7f1be558c000
mmap(NULL, 2237248, PROT_READ|PROT_EXEC, MAP_PRIVATE|MAP_DENYWRITE, 3, 0) = 0x7f1be251a000
mprotect(0x7f1be2539000, 2097152, PROT_NONE) = 0
mmap(0x7f1be2739000, 8192, PROT_READ|PROT_WRITE, MAP_PRIVATE|MAP_FIXED|MAP_DENYWRITE, 3, 0x1f000) = 0x7f1be2739000
mmap(0x7f1be273b000, 4928, PROT_READ|PROT_WRITE, MAP_PRIVATE|MAP_FIXED|MAP_ANONYMOUS, -1, 0) = 0x7f1be273b000
close(3)                                = 0
open("\x2f\x68\x6f\x6d\x65\x2f\x75\x73\x65\x72\x2f\x67\x69\x74\x2f\x75\x73\x62\x67\x75\x61\x72\x64\x2f\x62\x75\x69\x6c\x64\x2f\x2e\x6c\x69\x62\x73\x2f\x6c\x69\x62\x72\x65\x73\x6f\x6c\x76\x2e\x73\x6f\x2e\x32", O_RDONLY|O_CLOEXEC) = -1 ENOENT (No such file or directory)
open("\x2f\x75\x73\x72\x2f\x6c\x6f\x63\x61\x6c\x2f\x6c\x69\x62\x2f\x6c\x69\x62\x72\x65\x73\x6f\x6c\x76\x2e\x73\x6f\x2e\x32", O_RDONLY|O_CLOEXEC) = -1 ENOENT (No such file or directory)
open("\x2f\x6c\x69\x62\x36\x34\x2f\x6c\x69\x62\x72\x65\x73\x6f\x6c\x76\x2e\x73\x6f\x2e\x32", O_RDONLY|O_CLOEXEC) = 3
read(3, ""..., 832)                     = 832
fstat(3, {st_mode=S_IFREG|0755, st_size=114984, ...}) = 0
mmap(NULL, 2206280, PROT_READ|PROT_EXEC, MAP_PRIVATE|MAP_DENYWRITE, 3, 0) = 0x7f1be22ff000
mprotect(0x7f1be2316000, 2097152, PROT_NONE) = 0
mmap(0x7f1be2516000, 8192, PROT_READ|PROT_WRITE, MAP_PRIVATE|MAP_FIXED|MAP_DENYWRITE, 3, 0x17000) = 0x7f1be2516000
mmap(0x7f1be2518000, 6728, PROT_READ|PROT_WRITE, MAP_PRIVATE|MAP_FIXED|MAP_ANONYMOUS, -1, 0) = 0x7f1be2518000
close(3)                                = 0
open("\x2f\x68\x6f\x6d\x65\x2f\x75\x73\x65\x72\x2f\x67\x69\x74\x2f\x75\x73\x62\x67\x75\x61\x72\x64\x2f\x62\x75\x69\x6c\x64\x2f\x2e\x6c\x69\x62\x73\x2f\x6c\x69\x62\x64\x77\x2e\x73\x6f\x2e\x31", O_RDONLY|O_CLOEXEC) = -1 ENOENT (No such file or directory)
open("\x2f\x75\x73\x72\x2f\x6c\x6f\x63\x61\x6c\x2f\x6c\x69\x62\x2f\x6c\x69\x62\x64\x77\x2e\x73\x6f\x2e\x31", O_RDONLY|O_CLOEXEC) = -1 ENOENT (No such file or directory)
open("\x2f\x6c\x69\x62\x36\x34\x2f\x6c\x69\x62\x64\x77\x2e\x73\x6f\x2e\x31", O_RDONLY|O_CLOEXEC) = 3
read(3, ""..., 832)                     = 832
fstat(3, {st_mode=S_IFREG|0755, st_size=307272, ...}) = 0
mmap(NULL, 2397128, PROT_READ|PROT_EXEC, MAP_PRIVATE|MAP_DENYWRITE, 3, 0) = 0x7f1be20b5000
mprotect(0x7f1be20fc000, 2097152, PROT_NONE) = 0
mmap(0x7f1be22fc000, 12288, PROT_READ|PROT_WRITE, MAP_PRIVATE|MAP_FIXED|MAP_DENYWRITE, 3, 0x47000) = 0x7f1be22fc000
close(3)                                = 0
open("\x2f\x68\x6f\x6d\x65\x2f\x75\x73\x65\x72\x2f\x67\x69\x74\x2f\x75\x73\x62\x67\x75\x61\x72\x64\x2f\x62\x75\x69\x6c\x64\x2f\x2e\x6c\x69\x62\x73\x2f\x6c\x69\x62\x63\x61\x70\x2e\x73\x6f\x2e\x32", O_RDONLY|O_CLOEXEC) = -1 ENOENT (No such file or directory)
open("\x2f\x75\x73\x72\x2f\x6c\x6f\x63\x61\x6c\x2f\x6c\x69\x62\x2f\x6c\x69\x62\x63\x61\x70\x2e\x73\x6f\x2e\x32", O_RDONLY|O_CLOEXEC) = -1 ENOENT (No such file or directory)
open("\x2f\x6c\x69\x62\x36\x34\x2f\x6c\x69\x62\x63\x61\x70\x2e\x73\x6f\x2e\x32", O_RDONLY|O_CLOEXEC) = 3
read(3, ""..., 832)                     = 832
fstat(3, {st_mode=S_IFREG|0755, st_size=18608, ...}) = 0
mmap(NULL, 4096, PROT_READ|PROT_WRITE, MAP_PRIVATE|MAP_ANONYMOUS, -1, 0) = 0x7f1be558b000
mmap(NULL, 2113840, PROT_READ|PROT_EXEC, MAP_PRIVATE|MAP_DENYWRITE, 3, 0) = 0x7f1be1eb0000
mprotect(0x7f1be1eb4000, 2093056, PROT_NONE) = 0
mmap(0x7f1be20b3000, 8192, PROT_READ|PROT_WRITE, MAP_PRIVATE|MAP_FIXED|MAP_DENYWRITE, 3, 0x3000) = 0x7f1be20b3000
close(3)                                = 0
open("\x2f\x68\x6f\x6d\x65\x2f\x75\x73\x65\x72\x2f\x67\x69\x74\x2f\x75\x73\x62\x67\x75\x61\x72\x64\x2f\x62\x75\x69\x6c\x64\x2f\x2e\x6c\x69\x62\x73\x2f\x6c\x69\x62\x73\x79\x73\x74\x65\x6d\x64\x2e\x73\x6f\x2e\x30", O_RDONLY|O_CLOEXEC) = -1 ENOENT (No such file or directory)
open("\x2f\x75\x73\x72\x2f\x6c\x6f\x63\x61\x6c\x2f\x6c\x69\x62\x2f\x6c\x69\x62\x73\x79\x73\x74\x65\x6d\x64\x2e\x73\x6f\x2e\x30", O_RDONLY|O_CLOEXEC) = -1 ENOENT (No such file or directory)
open("\x2f\x6c\x69\x62\x36\x34\x2f\x6c\x69\x62\x73\x79\x73\x74\x65\x6d\x64\x2e\x73\x6f\x2e\x30", O_RDONLY|O_CLOEXEC) = 3
read(3, ""..., 832)                     = 832
fstat(3, {st_mode=S_IFREG|0755, st_size=555568, ...}) = 0
mmap(NULL, 552964, PROT_READ|PROT_EXEC, MAP_PRIVATE|MAP_DENYWRITE, 3, 0) = 0x7f1be5503000
mmap(0x7f1be5586000, 16384, PROT_READ|PROT_WRITE, MAP_PRIVATE|MAP_FIXED|MAP_DENYWRITE, 3, 0x82000) = 0x7f1be5586000
mmap(0x7f1be558a000, 4, PROT_READ|PROT_WRITE, MAP_PRIVATE|MAP_FIXED|MAP_ANONYMOUS, -1, 0) = 0x7f1be558a000
close(3)                                = 0
open("\x2f\x68\x6f\x6d\x65\x2f\x75\x73\x65\x72\x2f\x67\x69\x74\x2f\x75\x73\x62\x67\x75\x61\x72\x64\x2f\x62\x75\x69\x6c\x64\x2f\x2e\x6c\x69\x62\x73\x2f\x6c\x69\x62\x67\x6d\x6f\x64\x75\x6c\x65\x2d\x32\x2e\x30\x2e\x73\x6f\x2e\x30", O_RDONLY|O_CLOEXEC) = -1 ENOENT (No such file or directory)
open("\x2f\x75\x73\x72\x2f\x6c\x6f\x63\x61\x6c\x2f\x6c\x69\x62\x2f\x6c\x69\x62\x67\x6d\x6f\x64\x75\x6c\x65\x2d\x32\x2e\x30\x2e\x73\x6f\x2e\x30", O_RDONLY|O_CLOEXEC) = -1 ENOENT (No such file or directory)
open("\x2f\x6c\x69\x62\x36\x34\x2f\x6c\x69\x62\x67\x6d\x6f\x64\x75\x6c\x65\x2d\x32\x2e\x30\x2e\x73\x6f\x2e\x30", O_RDONLY|O_CLOEXEC) = 3
read(3, ""..., 832)                     = 832
fstat(3, {st_mode=S_IFREG|0755, st_size=15144, ...}) = 0
mmap(NULL, 4096, PROT_READ|PROT_WRITE, MAP_PRIVATE|MAP_ANONYMOUS, -1, 0) = 0x7f1be5502000
mmap(NULL, 2109528, PROT_READ|PROT_EXEC, MAP_PRIVATE|MAP_DENYWRITE, 3, 0) = 0x7f1be1cac000
mprotect(0x7f1be1caf000, 2093056, PROT_NONE) = 0
mmap(0x7f1be1eae000, 8192, PROT_READ|PROT_WRITE, MAP_PRIVATE|MAP_FIXED|MAP_DENYWRITE, 3, 0x2000) = 0x7f1be1eae000
close(3)                                = 0
open("\x2f\x68\x6f\x6d\x65\x2f\x75\x73\x65\x72\x2f\x67\x69\x74\x2f\x75\x73\x62\x67\x75\x61\x72\x64\x2f\x62\x75\x69\x6c\x64\x2f\x2e\x6c\x69\x62\x73\x2f\x6c\x69\x62\x7a\x2e\x73\x6f\x2e\x31", O_RDONLY|O_CLOEXEC) = -1 ENOENT (No such file or directory)
open("\x2f\x75\x73\x72\x2f\x6c\x6f\x63\x61\x6c\x2f\x6c\x69\x62\x2f\x6c\x69\x62\x7a\x2e\x73\x6f\x2e\x31", O_RDONLY|O_CLOEXEC) = -1 ENOENT (No such file or directory)
open("\x2f\x6c\x69\x62\x36\x34\x2f\x6c\x69\x62\x7a\x2e\x73\x6f\x2e\x31", O_RDONLY|O_CLOEXEC) = 3
read(3, ""..., 832)                     = 832
fstat(3, {st_mode=S_IFREG|0755, st_size=89472, ...}) = 0
mmap(NULL, 2183272, PROT_READ|PROT_EXEC, MAP_PRIVATE|MAP_DENYWRITE, 3, 0) = 0x7f1be1a96000
mprotect(0x7f1be1aab000, 2093056, PROT_NONE) = 0
mmap(0x7f1be1caa000, 8192, PROT_READ|PROT_WRITE, MAP_PRIVATE|MAP_FIXED|MAP_DENYWRITE, 3, 0x14000) = 0x7f1be1caa000
close(3)                                = 0
open("\x2f\x68\x6f\x6d\x65\x2f\x75\x73\x65\x72\x2f\x67\x69\x74\x2f\x75\x73\x62\x67\x75\x61\x72\x64\x2f\x62\x75\x69\x6c\x64\x2f\x2e\x6c\x69\x62\x73\x2f\x6c\x69\x62\x66\x66\x69\x2e\x73\x6f\x2e\x36", O_RDONLY|O_CLOEXEC) = -1 ENOENT (No such file or directory)
open("\x2f\x75\x73\x72\x2f\x6c\x6f\x63\x61\x6c\x2f\x6c\x69\x62\x2f\x6c\x69\x62\x66\x66\x69\x2e\x73\x6f\x2e\x36", O_RDONLY|O_CLOEXEC) = -1 ENOENT (No such file or directory)
open("\x2f\x6c\x69\x62\x36\x34\x2f\x6c\x69\x62\x66\x66\x69\x2e\x73\x6f\x2e\x36", O_RDONLY|O_CLOEXEC) = 3
read(3, ""..., 832)                     = 832
fstat(3, {st_mode=S_IFREG|0755, st_size=31704, ...}) = 0
mmap(NULL, 2127048, PROT_READ|PROT_EXEC, MAP_PRIVATE|MAP_DENYWRITE, 3, 0) = 0x7f1be188e000
mprotect(0x7f1be1895000, 2093056, PROT_NONE) = 0
mmap(0x7f1be1a94000, 8192, PROT_READ|PROT_WRITE, MAP_PRIVATE|MAP_FIXED|MAP_DENYWRITE, 3, 0x6000) = 0x7f1be1a94000
close(3)                                = 0
open("\x2f\x68\x6f\x6d\x65\x2f\x75\x73\x65\x72\x2f\x67\x69\x74\x2f\x75\x73\x62\x67\x75\x61\x72\x64\x2f\x62\x75\x69\x6c\x64\x2f\x2e\x6c\x69\x62\x73\x2f\x6c\x69\x62\x70\x63\x72\x65\x2e\x73\x6f\x2e\x31", O_RDONLY|O_CLOEXEC) = -1 ENOENT (No such file or directory)
open("\x2f\x75\x73\x72\x2f\x6c\x6f\x63\x61\x6c\x2f\x6c\x69\x62\x2f\x6c\x69\x62\x70\x63\x72\x65\x2e\x73\x6f\x2e\x31", O_RDONLY|O_CLOEXEC) = -1 ENOENT (No such file or directory)
open("\x2f\x6c\x69\x62\x36\x34\x2f\x6c\x69\x62\x70\x63\x72\x65\x2e\x73\x6f\x2e\x31", O_RDONLY|O_CLOEXEC) = 3
read(3, ""..., 832)                     = 832
fstat(3, {st_mode=S_IFREG|0755, st_size=459248, ...}) = 0
mmap(NULL, 4096, PROT_READ|PROT_WRITE, MAP_PRIVATE|MAP_ANONYMOUS, -1, 0) = 0x7f1be5501000
mmap(NULL, 2552072, PROT_READ|PROT_EXEC, MAP_PRIVATE|MAP_DENYWRITE, 3, 0) = 0x7f1be161e000
mprotect(0x7f1be168d000, 2093056, PROT_NONE) = 0
mmap(0x7f1be188c000, 8192, PROT_READ|PROT_WRITE, MAP_PRIVATE|MAP_FIXED|MAP_DENYWRITE, 3, 0x6e000) = 0x7f1be188c000
close(3)                                = 0
open("\x2f\x75\x73\x72\x2f\x6c\x69\x62\x36\x34\x2f\x65\x6c\x66\x75\x74\x69\x6c\x73\x2f\x74\x6c\x73\x2f\x78\x38\x36\x5f\x36\x34\x2f\x6c\x69\x62\x65\x6c\x66\x2e\x73\x6f\x2e\x31", O_RDONLY|O_CLOEXEC) = -1 ENOENT (No such file or directory)
stat("\x2f\x75\x73\x72\x2f\x6c\x69\x62\x36\x34\x2f\x65\x6c\x66\x75\x74\x69\x6c\x73\x2f\x74\x6c\x73\x2f\x78\x38\x36\x5f\x36\x34", 0x7ffcf551d910) = -1 ENOENT (No such file or directory)
open("\x2f\x75\x73\x72\x2f\x6c\x69\x62\x36\x34\x2f\x65\x6c\x66\x75\x74\x69\x6c\x73\x2f\x74\x6c\x73\x2f\x6c\x69\x62\x65\x6c\x66\x2e\x73\x6f\x2e\x31", O_RDONLY|O_CLOEXEC) = -1 ENOENT (No such file or directory)
stat("\x2f\x75\x73\x72\x2f\x6c\x69\x62\x36\x34\x2f\x65\x6c\x66\x75\x74\x69\x6c\x73\x2f\x74\x6c\x73", 0x7ffcf551d910) = -1 ENOENT (No such file or directory)
open("\x2f\x75\x73\x72\x2f\x6c\x69\x62\x36\x34\x2f\x65\x6c\x66\x75\x74\x69\x6c\x73\x2f\x78\x38\x36\x5f\x36\x34\x2f\x6c\x69\x62\x65\x6c\x66\x2e\x73\x6f\x2e\x31", O_RDONLY|O_CLOEXEC) = -1 ENOENT (No such file or directory)
stat("\x2f\x75\x73\x72\x2f\x6c\x69\x62\x36\x34\x2f\x65\x6c\x66\x75\x74\x69\x6c\x73\x2f\x78\x38\x36\x5f\x36\x34", 0x7ffcf551d910) = -1 ENOENT (No such file or directory)
open("\x2f\x75\x73\x72\x2f\x6c\x69\x62\x36\x34\x2f\x65\x6c\x66\x75\x74\x69\x6c\x73\x2f\x6c\x69\x62\x65\x6c\x66\x2e\x73\x6f\x2e\x31", O_RDONLY|O_CLOEXEC) = -1 ENOENT (No such file or directory)
stat("\x2f\x75\x73\x72\x2f\x6c\x69\x62\x36\x34\x2f\x65\x6c\x66\x75\x74\x69\x6c\x73", {st_mode=S_IFDIR|0755, st_size=4096, ...}) = 0
open("\x2f\x6c\x69\x62\x36\x34\x2f\x6c\x69\x62\x65\x6c\x66\x2e\x73\x6f\x2e\x31", O_RDONLY|O_CLOEXEC) = 3
read(3, ""..., 832)                     = 832
fstat(3, {st_mode=S_IFREG|0755, st_size=98560, ...}) = 0
mmap(NULL, 2191376, PROT_READ|PROT_EXEC, MAP_PRIVATE|MAP_DENYWRITE, 3, 0) = 0x7f1be1406000
mprotect(0x7f1be141d000, 2093056, PROT_NONE) = 0
mmap(0x7f1be161c000, 8192, PROT_READ|PROT_WRITE, MAP_PRIVATE|MAP_FIXED|MAP_DENYWRITE, 3, 0x16000) = 0x7f1be161c000
close(3)                                = 0
open("\x2f\x75\x73\x72\x2f\x6c\x69\x62\x36\x34\x2f\x65\x6c\x66\x75\x74\x69\x6c\x73\x2f\x6c\x69\x62\x6c\x7a\x6d\x61\x2e\x73\x6f\x2e\x35", O_RDONLY|O_CLOEXEC) = -1 ENOENT (No such file or directory)
open("\x2f\x6c\x69\x62\x36\x34\x2f\x6c\x69\x62\x6c\x7a\x6d\x61\x2e\x73\x6f\x2e\x35", O_RDONLY|O_CLOEXEC) = 3
read(3, ""..., 832)                     = 832
fstat(3, {st_mode=S_IFREG|0755, st_size=156328, ...}) = 0
mmap(NULL, 2248712, PROT_READ|PROT_EXEC, MAP_PRIVATE|MAP_DENYWRITE, 3, 0) = 0x7f1be11e0000
mprotect(0x7f1be1205000, 2093056, PROT_NONE) = 0
mmap(0x7f1be1404000, 4096, PROT_READ|PROT_WRITE, MAP_PRIVATE|MAP_FIXED|MAP_DENYWRITE, 3, 0x24000) = 0x7f1be1404000
mmap(0x7f1be1405000, 8, PROT_READ|PROT_WRITE, MAP_PRIVATE|MAP_FIXED|MAP_ANONYMOUS, -1, 0) = 0x7f1be1405000
close(3)                                = 0
open("\x2f\x75\x73\x72\x2f\x6c\x69\x62\x36\x34\x2f\x65\x6c\x66\x75\x74\x69\x6c\x73\x2f\x6c\x69\x62\x62\x7a\x32\x2e\x73\x6f\x2e\x31", O_RDONLY|O_CLOEXEC) = -1 ENOENT (No such file or directory)
open("\x2f\x6c\x69\x62\x36\x34\x2f\x6c\x69\x62\x62\x7a\x32\x2e\x73\x6f\x2e\x31", O_RDONLY|O_CLOEXEC) = 3
read(3, ""..., 832)                     = 832
fstat(3, {st_mode=S_IFREG|0755, st_size=67464, ...}) = 0
mmap(NULL, 4096, PROT_READ|PROT_WRITE, MAP_PRIVATE|MAP_ANONYMOUS, -1, 0) = 0x7f1be5500000
mmap(NULL, 2161672, PROT_READ|PROT_EXEC, MAP_PRIVATE|MAP_DENYWRITE, 3, 0) = 0x7f1be0fd0000
mprotect(0x7f1be0fdf000, 2093056, PROT_NONE) = 0
mmap(0x7f1be11de000, 8192, PROT_READ|PROT_WRITE, MAP_PRIVATE|MAP_FIXED|MAP_DENYWRITE, 3, 0xe000) = 0x7f1be11de000
close(3)                                = 0
open("\x2f\x68\x6f\x6d\x65\x2f\x75\x73\x65\x72\x2f\x67\x69\x74\x2f\x75\x73\x62\x67\x75\x61\x72\x64\x2f\x62\x75\x69\x6c\x64\x2f\x2e\x6c\x69\x62\x73\x2f\x6c\x69\x62\x61\x74\x74\x72\x2e\x73\x6f\x2e\x31", O_RDONLY|O_CLOEXEC) = -1 ENOENT (No such file or directory)
open("\x2f\x75\x73\x72\x2f\x6c\x6f\x63\x61\x6c\x2f\x6c\x69\x62\x2f\x6c\x69\x62\x61\x74\x74\x72\x2e\x73\x6f\x2e\x31", O_RDONLY|O_CLOEXEC) = -1 ENOENT (No such file or directory)
open("\x2f\x6c\x69\x62\x36\x34\x2f\x6c\x69\x62\x61\x74\x74\x72\x2e\x73\x6f\x2e\x31", O_RDONLY|O_CLOEXEC) = 3
read(3, ""..., 832)                     = 832
fstat(3, {st_mode=S_IFREG|0755, st_size=23320, ...}) = 0
mmap(NULL, 2117648, PROT_READ|PROT_EXEC, MAP_PRIVATE|MAP_DENYWRITE, 3, 0) = 0x7f1be0dca000
mprotect(0x7f1be0dce000, 2097152, PROT_NONE) = 0
mmap(0x7f1be0fce000, 4096, PROT_READ|PROT_WRITE, MAP_PRIVATE|MAP_FIXED|MAP_DENYWRITE, 3, 0x4000) = 0x7f1be0fce000
mmap(0x7f1be0fcf000, 16, PROT_READ|PROT_WRITE, MAP_PRIVATE|MAP_FIXED|MAP_ANONYMOUS, -1, 0) = 0x7f1be0fcf000
close(3)                                = 0
open("\x2f\x68\x6f\x6d\x65\x2f\x75\x73\x65\x72\x2f\x67\x69\x74\x2f\x75\x73\x62\x67\x75\x61\x72\x64\x2f\x62\x75\x69\x6c\x64\x2f\x2e\x6c\x69\x62\x73\x2f\x6c\x69\x62\x67\x63\x72\x79\x70\x74\x2e\x73\x6f\x2e\x32\x30", O_RDONLY|O_CLOEXEC) = -1 ENOENT (No such file or directory)
open("\x2f\x75\x73\x72\x2f\x6c\x6f\x63\x61\x6c\x2f\x6c\x69\x62\x2f\x6c\x69\x62\x67\x63\x72\x79\x70\x74\x2e\x73\x6f\x2e\x32\x30", O_RDONLY|O_CLOEXEC) = -1 ENOENT (No such file or directory)
open("\x2f\x6c\x69\x62\x36\x34\x2f\x6c\x69\x62\x67\x63\x72\x79\x70\x74\x2e\x73\x6f\x2e\x32\x30", O_RDONLY|O_CLOEXEC) = 3
read(3, ""..., 832)                     = 832
fstat(3, {st_mode=S_IFREG|0755, st_size=946424, ...}) = 0
mmap(NULL, 3031840, PROT_READ|PROT_EXEC, MAP_PRIVATE|MAP_DENYWRITE, 3, 0) = 0x7f1be0ae5000
mprotect(0x7f1be0bc0000, 2097152, PROT_NONE) = 0
mmap(0x7f1be0dc0000, 36864, PROT_READ|PROT_WRITE, MAP_PRIVATE|MAP_FIXED|MAP_DENYWRITE, 3, 0xdb000) = 0x7f1be0dc0000
mmap(0x7f1be0dc9000, 800, PROT_READ|PROT_WRITE, MAP_PRIVATE|MAP_FIXED|MAP_ANONYMOUS, -1, 0) = 0x7f1be0dc9000
close(3)                                = 0
open("\x2f\x68\x6f\x6d\x65\x2f\x75\x73\x65\x72\x2f\x67\x69\x74\x2f\x75\x73\x62\x67\x75\x61\x72\x64\x2f\x62\x75\x69\x6c\x64\x2f\x2e\x6c\x69\x62\x73\x2f\x6c\x69\x62\x67\x70\x67\x2d\x65\x72\x72\x6f\x72\x2e\x73\x6f\x2e\x30", O_RDONLY|O_CLOEXEC) = -1 ENOENT (No such file or directory)
open("\x2f\x75\x73\x72\x2f\x6c\x6f\x63\x61\x6c\x2f\x6c\x69\x62\x2f\x6c\x69\x62\x67\x70\x67\x2d\x65\x72\x72\x6f\x72\x2e\x73\x6f\x2e\x30", O_RDONLY|O_CLOEXEC) = -1 ENOENT (No such file or directory)
open("\x2f\x6c\x69\x62\x36\x34\x2f\x6c\x69\x62\x67\x70\x67\x2d\x65\x72\x72\x6f\x72\x2e\x73\x6f\x2e\x30", O_RDONLY|O_CLOEXEC) = 3
read(3, ""..., 832)                     = 832
fstat(3, {st_mode=S_IFREG|0755, st_size=82320, ...}) = 0
mmap(NULL, 4096, PROT_READ|PROT_WRITE, MAP_PRIVATE|MAP_ANONYMOUS, -1, 0) = 0x7f1be54ff000
mmap(NULL, 2175096, PROT_READ|PROT_EXEC, MAP_PRIVATE|MAP_DENYWRITE, 3, 0) = 0x7f1be08d1000
mprotect(0x7f1be08e3000, 2097152, PROT_NONE) = 0
mmap(0x7f1be0ae3000, 8192, PROT_READ|PROT_WRITE, MAP_PRIVATE|MAP_FIXED|MAP_DENYWRITE, 3, 0x12000) = 0x7f1be0ae3000
close(3)                                = 0
mmap(NULL, 4096, PROT_READ|PROT_WRITE, MAP_PRIVATE|MAP_ANONYMOUS, -1, 0) = 0x7f1be54fe000
mmap(NULL, 4096, PROT_READ|PROT_WRITE, MAP_PRIVATE|MAP_ANONYMOUS, -1, 0) = 0x7f1be54fd000
mmap(NULL, 4096, PROT_READ|PROT_WRITE, MAP_PRIVATE|MAP_ANONYMOUS, -1, 0) = 0x7f1be54fc000
mmap(NULL, 4096, PROT_READ|PROT_WRITE, MAP_PRIVATE|MAP_ANONYMOUS, -1, 0) = 0x7f1be54fb000
mmap(NULL, 8192, PROT_READ|PROT_WRITE, MAP_PRIVATE|MAP_ANONYMOUS, -1, 0) = 0x7f1be54f9000
arch_prctl(ARCH_SET_FS, 0x7f1be54f98c0) = 0
mprotect(0x7f1be2af4000, 16384, PROT_READ) = 0
mprotect(0x7f1be0ae3000, 4096, PROT_READ) = 0
mprotect(0x7f1be4dcf000, 4096, PROT_READ) = 0
mprotect(0x7f1be0dc0000, 4096, PROT_READ) = 0
mprotect(0x7f1be0fce000, 4096, PROT_READ) = 0
mprotect(0x7f1be11de000, 4096, PROT_READ) = 0
mprotect(0x7f1be49bf000, 4096, PROT_READ) = 0
mprotect(0x7f1be1404000, 4096, PROT_READ) = 0
mprotect(0x7f1be1caa000, 4096, PROT_READ) = 0
mprotect(0x7f1be161c000, 4096, PROT_READ) = 0
mprotect(0x7f1be188c000, 4096, PROT_READ) = 0
mprotect(0x7f1be1a94000, 4096, PROT_READ) = 0
mprotect(0x7f1be3b02000, 4096, PROT_READ) = 0
mprotect(0x7f1be1eae000, 4096, PROT_READ) = 0
mprotect(0x7f1be4bcb000, 4096, PROT_READ) = 0
mprotect(0x7f1be3015000, 4096, PROT_READ) = 0
mprotect(0x7f1be2d13000, 4096, PROT_READ) = 0
mprotect(0x7f1be2739000, 4096, PROT_READ) = 0
mprotect(0x7f1be2516000, 4096, PROT_READ) = 0
mprotect(0x7f1be22fc000, 8192, PROT_READ) = 0
mprotect(0x7f1be20b3000, 4096, PROT_READ) = 0
mprotect(0x7f1be5586000, 12288, PROT_READ) = 0
mmap(NULL, 4096, PROT_READ|PROT_WRITE, MAP_PRIVATE|MAP_ANONYMOUS, -1, 0) = 0x7f1be54f8000
mprotect(0x7f1be3389000, 40960, PROT_READ) = 0
mprotect(0x7f1be359d000, 4096, PROT_READ) = 0
mprotect(0x7f1be37bc000, 57344, PROT_READ) = 0
mprotect(0x7f1be3d54000, 4096, PROT_READ) = 0
mprotect(0x7f1be40ce000, 24576, PROT_READ) = 0
mprotect(0x7f1be4323000, 8192, PROT_READ) = 0
mprotect(0x7f1be454e000, 8192, PROT_READ) = 0
mprotect(0x7f1be479e000, 4096, PROT_READ) = 0
mprotect(0x7f1be55b0000, 4096, PROT_READ) = 0
mprotect(0x7f1be4ff3000, 4096, PROT_READ) = 0
mprotect(0x7f1be53a3000, 12288, PROT_READ) = 0
mprotect(0x60a000, 4096, PROT_READ)     = 0
mprotect(0x7f1be55cf000, 4096, PROT_READ) = 0
munmap(0x7f1be55b4000, 104783)          = 0
set_tid_address(0x7f1be54f9b90)         = 25453
set_robust_list(0x7f1be54f9ba0, 24)     = 0
rt_sigaction(SIGRTMIN, {0x7f1be47adb50, [], SA_RESTORER|SA_SIGINFO, 0x7f1be47b89f0}, NULL, 8) = 0
rt_sigaction(SIGRT_1, {0x7f1be47adbe0, [], SA_RESTORER|SA_RESTART|SA_SIGINFO, 0x7f1be47b89f0}, NULL, 8) = 0
rt_sigprocmask(SIG_UNBLOCK, [RTMIN RT_1], NULL, 8) = 0
getrlimit(RLIMIT_STACK, {rlim_cur=8192*1024, rlim_max=RLIM64_INFINITY}) = 0
brk(NULL)                               = 0x1d27000
brk(0x1d48000)                          = 0x1d48000
access("\x2f\x65\x74\x63\x2f\x73\x79\x73\x74\x65\x6d\x2d\x66\x69\x70\x73", F_OK) = -1 ENOENT (No such file or directory)
gettimeofday({1456740687, 125146}, NULL) = 0
statfs("\x2f\x73\x79\x73\x2f\x66\x73\x2f\x73\x65\x6c\x69\x6e\x75\x78", 0x7ffcf551e8e0) = -1 ENOENT (No such file or directory)
statfs("\x2f\x73\x65\x6c\x69\x6e\x75\x78", 0x7ffcf551e8e0) = -1 ENOENT (No such file or directory)
open("\x2f\x70\x72\x6f\x63\x2f\x66\x69\x6c\x65\x73\x79\x73\x74\x65\x6d\x73", O_RDONLY) = 3
fstat(3, {st_mode=S_IFREG|0444, st_size=0, ...}) = 0
mmap(NULL, 4096, PROT_READ|PROT_WRITE, MAP_PRIVATE|MAP_ANONYMOUS, -1, 0) = 0x7f1be55cd000
read(3, ""..., 1024)                    = 330
read(3, "", 1024)                       = 0
close(3)                                = 0
munmap(0x7f1be55cd000, 4096)            = 0
access("\x2f\x65\x74\x63\x2f\x73\x65\x6c\x69\x6e\x75\x78\x2f\x63\x6f\x6e\x66\x69\x67", F_OK) = 0
futex(0x7f1be3b03e08, FUTEX_WAKE_PRIVATE, 2147483647) = 0
futex(0x7f1be3b03e08, FUTEX_WAKE_PRIVATE, 2147483647) = 0
futex(0x7f1be339626c, FUTEX_WAKE_PRIVATE, 2147483647) = 0
futex(0x7f1be3396278, FUTEX_WAKE_PRIVATE, 2147483647) = 0
getrandom(""..., 16, 0)                 = 16
getrandom(""..., 16, 0)                 = 16
brk(NULL)                               = 0x1d48000
brk(0x1d69000)                          = 0x1d69000
futex(0x7f1be3b03e08, FUTEX_WAKE_PRIVATE, 2147483647) = 0
eventfd2(0, EFD_CLOEXEC|EFD_NONBLOCK)   = 3
write(3, ""..., 8)                      = 8
futex(0x7f1be3b03e08, FUTEX_WAKE_PRIVATE, 2147483647) = 0
rt_sigprocmask(SIG_SETMASK, ~[RTMIN RT_1], [], 8) = 0
eventfd2(0, EFD_CLOEXEC|EFD_NONBLOCK)   = 4
write(4, ""..., 8)                      = 8
mmap(NULL, 8392704, PROT_READ|PROT_WRITE, MAP_PRIVATE|MAP_ANONYMOUS|MAP_STACK, -1, 0) = 0x7f1be00d0000
mprotect(0x7f1be00d0000, 4096, PROT_NONE) = 0
clone(child_stack=0x7f1be08cfe30, flags=CLONE_VM|CLONE_FS|CLONE_FILES|CLONE_SIGHAND|CLONE_THREAD|CLONE_SYSVSEM|CLONE_SETTLS|CLONE_PARENT_SETTID|CLONE_CHILD_CLEARTID, parent_tidptr=0x7f1be08d09d0, tls=0x7f1be08d0700, child_tidptr=0x7f1be08d09d0) = 25454
rt_sigprocmask(SIG_SETMASK, [], NULL, 8) = 0
futex(0x7f1be3b03e08, FUTEX_WAKE_PRIVATE, 2147483647) = 0
futex(0x7f1be3b03e08, FUTEX_WAKE_PRIVATE, 2147483647) = 0
futex(0x7f1be3b03e08, FUTEX_WAKE_PRIVATE, 2147483647) = 0
futex(0x7f1be3b03e08, FUTEX_WAKE_PRIVATE, 2147483647) = 0
futex(0x7f1be3b03e08, FUTEX_WAKE_PRIVATE, 2147483647) = 0
futex(0x7f1be3b03e08, FUTEX_WAKE_PRIVATE, 2147483647) = 0
futex(0x7f1be3b03e08, FUTEX_WAKE_PRIVATE, 2147483647) = 0
futex(0x7f1be3b03e08, FUTEX_WAKE_PRIVATE, 2147483647) = 0
futex(0x7f1be3b03e08, FUTEX_WAKE_PRIVATE, 2147483647) = 0
futex(0x7f1be3b03e08, FUTEX_WAKE_PRIVATE, 2147483647) = 0
futex(0x7f1be3b03e08, FUTEX_WAKE_PRIVATE, 2147483647) = 0
futex(0x7f1be3b03e08, FUTEX_WAKE_PRIVATE, 2147483647) = 0
futex(0x7f1be3b03e08, FUTEX_WAKE_PRIVATE, 2147483647) = 0
futex(0x7f1be3b03e08, FUTEX_WAKE_PRIVATE, 2147483647) = 0
futex(0x7f1be3b03e08, FUTEX_WAKE_PRIVATE, 2147483647) = 0
futex(0x7f1be3b03e08, FUTEX_WAKE_PRIVATE, 2147483647) = 0
futex(0x7f1be3b03e08, FUTEX_WAKE_PRIVATE, 2147483647) = 0
mmap(NULL, 8392704, PROT_READ|PROT_WRITE, MAP_PRIVATE|MAP_ANONYMOUS|MAP_STACK, -1, 0) = 0x7f1bdb7ff000
mprotect(0x7f1bdb7ff000, 4096, PROT_NONE) = 0
clone(child_stack=0x7f1bdbffee30, flags=CLONE_VM|CLONE_FS|CLONE_FILES|CLONE_SIGHAND|CLONE_THREAD|CLONE_SYSVSEM|CLONE_SETTLS|CLONE_PARENT_SETTID|CLONE_CHILD_CLEARTID, parent_tidptr=0x7f1bdbfff9d0, tls=0x7f1bdbfff700, child_tidptr=0x7f1bdbfff9d0) = 25455
poll(0x1d50f80, 1, -1)                  = 1 ([...])
poll(0x1d50f80, 1, -1)                  = 1 ([...])
read(3, ""..., 16)                      = 8
poll(0x1d50f80, 1, -1)                  = 1 ([...])
futex(0x1d45020, FUTEX_WAIT_PRIVATE, 2, NULL) = 0
read(3, ""..., 16)                      = 8
futex(0x1d45020, FUTEX_WAKE_PRIVATE, 1) = 0
futex(0x7f1be3b03e08, FUTEX_WAKE_PRIVATE, 2147483647) = 0
clock_gettime(CLOCK_MONOTONIC, {479371, 45702654}) = 0
futex(0x7f1bd400e4a0, FUTEX_WAIT_PRIVATE, 2, NULL) = 0
write(6, ""..., 8)                      = 8
futex(0x7f1bd400e4a0, FUTEX_WAKE_PRIVATE, 1) = 1
clock_gettime(CLOCK_MONOTONIC, {479371, 46040566}) = 0
clock_gettime(CLOCK_MONOTONIC, {479371, 46121076}) = 0
poll(0x1d50f80, 1, 25000)               = 1 ([...])
futex(0x1d45020, FUTEX_WAIT_PRIVATE, 2, NULL) = -1 EAGAIN (Resource temporarily unavailable)
read(3, ""..., 16)                      = 8
clock_gettime(CLOCK_MONOTONIC, {479371, 48221370}) = 0
futex(0x1d45020, FUTEX_WAKE_PRIVATE, 1) = 1
eventfd2(0, 0)                          = 7
clock_getres(CLOCK_MONOTONIC, {0, 1})   = 0
epoll_create1(EPOLL_CLOEXEC)            = 8
pipe([9, 10])                           = 0
fcntl(9, F_GETFD)                       = 0
fcntl(9, F_SETFD, FD_CLOEXEC)           = 0
fcntl(9, F_SETFL, O_RDONLY|O_NONBLOCK)  = 0
fcntl(10, F_GETFD)                      = 0
fcntl(10, F_SETFD, FD_CLOEXEC)          = 0
fcntl(10, F_SETFL, O_RDONLY|O_NONBLOCK) = 0
epoll_ctl(8, EPOLL_CTL_ADD, 9, {EPOLLIN, {u32=0, u64=7749363892505018368}}) = 0
epoll_ctl(8, EPOLL_CTL_ADD, 7, {EPOLLIN, {u32=1, u64=3637540457342304257}}) = 0
mmap(NULL, 8392704, PROT_READ|PROT_WRITE, MAP_PRIVATE|MAP_ANONYMOUS|MAP_STACK, -1, 0) = 0x7f1bda7fd000
mprotect(0x7f1bda7fd000, 4096, PROT_NONE) = 0
clone(child_stack=0x7f1bdaffce30, flags=CLONE_VM|CLONE_FS|CLONE_FILES|CLONE_SIGHAND|CLONE_THREAD|CLONE_SYSVSEM|CLONE_SETTLS|CLONE_PARENT_SETTID|CLONE_CHILD_CLEARTID, parent_tidptr=0x7f1bdaffd9d0, tls=0x7f1bdaffd700, child_tidptr=0x7f1bdaffd9d0) = 25457
clock_gettime(CLOCK_MONOTONIC, {479371, 50363504}) = 0
clock_gettime(CLOCK_MONOTONIC, {479371, 50479757}) = 0
poll(0x1d50f80, 1, 963)                 = 0 (Timeout)
read(3, 0x7ffcf551e800, 16)             = -1 EAGAIN (Resource temporarily unavailable)
clock_gettime(CLOCK_MONOTONIC, {479372, 15233280}) = 0
socket(PF_LOCAL, SOCK_STREAM, 0)        = 11
fcntl(11, F_GETFD)                      = 0
fcntl(11, F_SETFD, FD_CLOEXEC)          = 0
fcntl(11, F_SETFL, O_RDONLY|O_NONBLOCK) = 0
connect(11, {sa_family=AF_LOCAL, sun_path=@"\x75\x73\x62\x67\x75\x61\x72\x64"}, 110) = 0
setsockopt(11, SOL_SOCKET, SO_PASSCRED, [1], 4) = 0
sendto(11, ""..., 24, MSG_NOSIGNAL, NULL, 0) = 24
setsockopt(11, SOL_SOCKET, SO_PASSCRED, [0], 4) = 0
recvfrom(11, 0x7ffcf551b6f0, 12328, MSG_WAITALL|MSG_NOSIGNAL, NULL, NULL) = -1 EAGAIN (Resource temporarily unavailable)
poll(0x7ffcf551b580, 1, -1)             = 1 ([...])
recvfrom(11, ""..., 12328, MSG_WAITALL|MSG_NOSIGNAL, NULL, NULL) = 12328
shutdown(11, SHUT_RDWR)                 = 0
close(11)                               = 0
futex(0x7f1be2d14190, FUTEX_WAKE_PRIVATE, 2147483647) = 0
clock_gettime(CLOCK_MONOTONIC, {479372, 18730781}) = 0
poll(0x1d50f80, 1, 994)                 = 0 (Timeout)
clock_gettime(CLOCK_MONOTONIC, {479373, 14439720}) = 0
socket(PF_LOCAL, SOCK_STREAM, 0)        = 11
fcntl(11, F_GETFD)                      = 0
fcntl(11, F_SETFD, FD_CLOEXEC)          = 0
fcntl(11, F_SETFL, O_RDONLY|O_NONBLOCK) = 0
connect(11, {sa_family=AF_LOCAL, sun_path=@"\x75\x73\x62\x67\x75\x61\x72\x64"}, 110) = 0
setsockopt(11, SOL_SOCKET, SO_PASSCRED, [1], 4) = 0
sendto(11, ""..., 24, MSG_NOSIGNAL, NULL, 0) = 24
setsockopt(11, SOL_SOCKET, SO_PASSCRED, [0], 4) = 0
recvfrom(11, 0x7ffcf551b6f0, 12328, MSG_WAITALL|MSG_NOSIGNAL, NULL, NULL) = -1 EAGAIN (Resource temporarily unavailable)
poll(0x7ffcf551b580, 1, -1)             = 1 ([...])
recvfrom(11, ""..., 12328, MSG_WAITALL|MSG_NOSIGNAL, NULL, NULL) = 12328
shutdown(11, SHUT_RDWR)                 = 0
close(11)                               = 0
clock_gettime(CLOCK_MONOTONIC, {479373, 19560720}) = 0
poll(0x1d50f80, 1, 993)                 = 0 (Timeout)
clock_gettime(CLOCK_MONOTONIC, {479374, 14515573}) = 0
socket(PF_LOCAL, SOCK_STREAM, 0)        = 11
fcntl(11, F_GETFD)                      = 0
fcntl(11, F_SETFD, FD_CLOEXEC)          = 0
fcntl(11, F_SETFL, O_RDONLY|O_NONBLOCK) = 0
connect(11, {sa_family=AF_LOCAL, sun_path=@"\x75\x73\x62\x67\x75\x61\x72\x64"}, 110) = 0
setsockopt(11, SOL_SOCKET, SO_PASSCRED, [1], 4) = 0
sendto(11, ""..., 24, MSG_NOSIGNAL, NULL, 0) = 24
setsockopt(11, SOL_SOCKET, SO_PASSCRED, [0], 4) = 0
recvfrom(11, 0x7ffcf551b6f0, 12328, MSG_WAITALL|MSG_NOSIGNAL, NULL, NULL) = -1 EAGAIN (Resource temporarily unavailable)
poll(0x7ffcf551b580, 1, -1)             = 1 ([...])
recvfrom(11, ""..., 12328, MSG_WAITALL|MSG_NOSIGNAL, NULL, NULL) = 12328
shutdown(11, SHUT_RDWR)                 = 0
close(11)                               = 0
clock_gettime(CLOCK_MONOTONIC, {479374, 18372089}) = 0
poll(0x1d50f80, 1, 995)                 = 0 (Timeout)
clock_gettime(CLOCK_MONOTONIC, {479375, 15002741}) = 0
socket(PF_LOCAL, SOCK_STREAM, 0)        = 11
fcntl(11, F_GETFD)                      = 0
fcntl(11, F_SETFD, FD_CLOEXEC)          = 0
fcntl(11, F_SETFL, O_RDONLY|O_NONBLOCK) = 0
connect(11, {sa_family=AF_LOCAL, sun_path=@"\x75\x73\x62\x67\x75\x61\x72\x64"}, 110) = 0
setsockopt(11, SOL_SOCKET, SO_PASSCRED, [1], 4) = 0
sendto(11, ""..., 24, MSG_NOSIGNAL, NULL, 0) = 24
setsockopt(11, SOL_SOCKET, SO_PASSCRED, [0], 4) = 0
recvfrom(11, 0x7ffcf551b6f0, 12328, MSG_WAITALL|MSG_NOSIGNAL, NULL, NULL) = -1 EAGAIN (Resource temporarily unavailable)
poll(0x7ffcf551b580, 1, -1)             = 1 ([...])
recvfrom(11, ""..., 12328, MSG_WAITALL|MSG_NOSIGNAL, NULL, NULL) = 12328
shutdown(11, SHUT_RDWR)                 = 0
close(11)                               = 0
clock_gettime(CLOCK_MONOTONIC, {479375, 19581830}) = 0
poll(0x1d50f80, 1, 993)                 = 0 (Timeout)
clock_gettime(CLOCK_MONOTONIC, {479376, 15125672}) = 0
socket(PF_LOCAL, SOCK_STREAM, 0)        = 11
fcntl(11, F_GETFD)                      = 0
fcntl(11, F_SETFD, FD_CLOEXEC)          = 0
fcntl(11, F_SETFL, O_RDONLY|O_NONBLOCK) = 0
connect(11, {sa_family=AF_LOCAL, sun_path=@"\x75\x73\x62\x67\x75\x61\x72\x64"}, 110) = 0
setsockopt(11, SOL_SOCKET, SO_PASSCRED, [1], 4) = 0
sendto(11, ""..., 24, MSG_NOSIGNAL, NULL, 0) = 24
setsockopt(11, SOL_SOCKET, SO_PASSCRED, [0], 4) = 0
recvfrom(11, 0x7ffcf551b6f0, 12328, MSG_WAITALL|MSG_NOSIGNAL, NULL, NULL) = -1 EAGAIN (Resource temporarily unavailable)
poll(0x7ffcf551b580, 1, -1)             = 1 ([...])
recvfrom(11, ""..., 12328, MSG_WAITALL|MSG_NOSIGNAL, NULL, NULL) = 12328
shutdown(11, SHUT_RDWR)                 = 0
close(11)                               = 0
clock_gettime(CLOCK_MONOTONIC, {479376, 19364068}) = 0
poll(0x1d50f80, 1, 994)                 = 0 (Timeout)
clock_gettime(CLOCK_MONOTONIC, {479377, 14966949}) = 0
socket(PF_LOCAL, SOCK_STREAM, 0)        = 11
fcntl(11, F_GETFD)                      = 0
fcntl(11, F_SETFD, FD_CLOEXEC)          = 0
fcntl(11, F_SETFL, O_RDONLY|O_NONBLOCK) = 0
connect(11, {sa_family=AF_LOCAL, sun_path=@"\x75\x73\x62\x67\x75\x61\x72\x64"}, 110) = 0
setsockopt(11, SOL_SOCKET, SO_PASSCRED, [1], 4) = 0
sendto(11, ""..., 24, MSG_NOSIGNAL, NULL, 0) = 24
setsockopt(11, SOL_SOCKET, SO_PASSCRED, [0], 4) = 0
recvfrom(11, 0x7ffcf551b6f0, 12328, MSG_WAITALL|MSG_NOSIGNAL, NULL, NULL) = -1 EAGAIN (Resource temporarily unavailable)
poll(0x7ffcf551b580, 1, -1)             = 1 ([...])
recvfrom(11, ""..., 12328, MSG_WAITALL|MSG_NOSIGNAL, NULL, NULL) = 12328
shutdown(11, SHUT_RDWR)                 = 0
close(11)                               = 0
clock_gettime(CLOCK_MONOTONIC, {479377, 18514264}) = 0
poll(0x1d50f80, 1, 995)                 = 0 (Timeout)
clock_gettime(CLOCK_MONOTONIC, {479378, 15191099}) = 0
socket(PF_LOCAL, SOCK_STREAM, 0)        = 11
fcntl(11, F_GETFD)                      = 0
fcntl(11, F_SETFD, FD_CLOEXEC)          = 0
fcntl(11, F_SETFL, O_RDONLY|O_NONBLOCK) = 0
connect(11, {sa_family=AF_LOCAL, sun_path=@"\x75\x73\x62\x67\x75\x61\x72\x64"}, 110) = 0
setsockopt(11, SOL_SOCKET, SO_PASSCRED, [1], 4) = 0
sendto(11, ""..., 24, MSG_NOSIGNAL, NULL, 0) = 24
setsockopt(11, SOL_SOCKET, SO_PASSCRED, [0], 4) = 0
recvfrom(11, 0x7ffcf551b6f0, 12328, MSG_WAITALL|MSG_NOSIGNAL, NULL, NULL) = -1 EAGAIN (Resource temporarily unavailable)
poll(0x7ffcf551b580, 1, -1)             = 1 ([...])
recvfrom(11, ""..., 12328, MSG_WAITALL|MSG_NOSIGNAL, NULL, NULL) = 12328
shutdown(11, SHUT_RDWR)                 = 0
close(11)                               = 0
clock_gettime(CLOCK_MONOTONIC, {479378, 18373522}) = 0
poll(0x1d50f80, 1, 995)                 = 0 (Timeout)
clock_gettime(CLOCK_MONOTONIC, {479379, 15527178}) = 0
socket(PF_LOCAL, SOCK_STREAM, 0)        = 11
fcntl(11, F_GETFD)                      = 0
fcntl(11, F_SETFD, FD_CLOEXEC)          = 0
fcntl(11, F_SETFL, O_RDONLY|O_NONBLOCK) = 0
connect(11, {sa_family=AF_LOCAL, sun_path=@"\x75\x73\x62\x67\x75\x61\x72\x64"}, 110) = 0
setsockopt(11, SOL_SOCKET, SO_PASSCRED, [1], 4) = 0
sendto(11, ""..., 24, MSG_NOSIGNAL, NULL, 0) = 24
setsockopt(11, SOL_SOCKET, SO_PASSCRED, [0], 4) = 0
recvfrom(11, 0x7ffcf551b6f0, 12328, MSG_WAITALL|MSG_NOSIGNAL, NULL, NULL) = -1 EAGAIN (Resource temporarily unavailable)
poll(0x7ffcf551b580, 1, -1)             = 1 ([...])
recvfrom(11, ""..., 12328, MSG_WAITALL|MSG_NOSIGNAL, NULL, NULL) = 12328
shutdown(11, SHUT_RDWR)                 = 0
close(11)                               = 0
clock_gettime(CLOCK_MONOTONIC, {479379, 20839430}) = 0
poll(0x1d50f80, 1, 992)                 = 0 (Timeout)
clock_gettime(CLOCK_MONOTONIC, {479380, 15058370}) = 0
socket(PF_LOCAL, SOCK_STREAM, 0)        = 11
fcntl(11, F_GETFD)                      = 0
fcntl(11, F_SETFD, FD_CLOEXEC)          = 0
fcntl(11, F_SETFL, O_RDONLY|O_NONBLOCK) = 0
connect(11, {sa_family=AF_LOCAL, sun_path=@"\x75\x73\x62\x67\x75\x61\x72\x64"}, 110) = 0
setsockopt(11, SOL_SOCKET, SO_PASSCRED, [1], 4) = 0
sendto(11, ""..., 24, MSG_NOSIGNAL, NULL, 0) = 24
setsockopt(11, SOL_SOCKET, SO_PASSCRED, [0], 4) = 0
recvfrom(11, 0x7ffcf551b6f0, 12328, MSG_WAITALL|MSG_NOSIGNAL, NULL, NULL) = -1 EAGAIN (Resource temporarily unavailable)
poll(0x7ffcf551b580, 1, -1)             = 1 ([...])
recvfrom(11, ""..., 12328, MSG_WAITALL|MSG_NOSIGNAL, NULL, NULL) = 12328
shutdown(11, SHUT_RDWR)                 = 0
close(11)                               = 0
clock_gettime(CLOCK_MONOTONIC, {479380, 20494010}) = 0
poll(0x1d50f80, 1, 993)                 = 0 (Timeout)
clock_gettime(CLOCK_MONOTONIC, {479381, 15770593}) = 0
socket(PF_LOCAL, SOCK_STREAM, 0)        = 11
fcntl(11, F_GETFD)                      = 0
fcntl(11, F_SETFD, FD_CLOEXEC)          = 0
fcntl(11, F_SETFL, O_RDONLY|O_NONBLOCK) = 0
connect(11, {sa_family=AF_LOCAL, sun_path=@"\x75\x73\x62\x67\x75\x61\x72\x64"}, 110) = 0
setsockopt(11, SOL_SOCKET, SO_PASSCRED, [1], 4) = 0
sendto(11, ""..., 24, MSG_NOSIGNAL, NULL, 0) = 24
setsockopt(11, SOL_SOCKET, SO_PASSCRED, [0], 4) = 0
recvfrom(11, 0x7ffcf551b6f0, 12328, MSG_WAITALL|MSG_NOSIGNAL, NULL, NULL) = -1 EAGAIN (Resource temporarily unavailable)
poll(0x7ffcf551b580, 1, -1)             = 1 ([...])
recvfrom(11, ""..., 12328, MSG_WAITALL|MSG_NOSIGNAL, NULL, NULL) = 12328
shutdown(11, SHUT_RDWR)                 = 0
close(11)                               = 0
clock_gettime(CLOCK_MONOTONIC, {479381, 20098889}) = 0
poll(0x1d50f80, 1, 993)                 = 0 (Timeout)
clock_gettime(CLOCK_MONOTONIC, {479382, 14890217}) = 0
socket(PF_LOCAL, SOCK_STREAM, 0)        = 11
fcntl(11, F_GETFD)                      = 0
fcntl(11, F_SETFD, FD_CLOEXEC)          = 0
fcntl(11, F_SETFL, O_RDONLY|O_NONBLOCK) = 0
connect(11, {sa_family=AF_LOCAL, sun_path=@"\x75\x73\x62\x67\x75\x61\x72\x64"}, 110) = 0
setsockopt(11, SOL_SOCKET, SO_PASSCRED, [1], 4) = 0
sendto(11, ""..., 24, MSG_NOSIGNAL, NULL, 0) = 24
setsockopt(11, SOL_SOCKET, SO_PASSCRED, [0], 4) = 0
recvfrom(11, 0x7ffcf551b6f0, 12328, MSG_WAITALL|MSG_NOSIGNAL, NULL, NULL) = -1 EAGAIN (Resource temporarily unavailable)
poll(0x7ffcf551b580, 1, -1)             = 1 ([...])
recvfrom(11, ""..., 12328, MSG_WAITALL|MSG_NOSIGNAL, NULL, NULL) = 12328
shutdown(11, SHUT_RDWR)                 = 0
close(11)                               = 0
clock_gettime(CLOCK_MONOTONIC, {479382, 19723924}) = 0
poll(0x1d50f80, 1, 993)                 = 0 (Timeout)
clock_gettime(CLOCK_MONOTONIC, {479383, 14750151}) = 0
socket(PF_LOCAL, SOCK_STREAM, 0)        = 11
fcntl(11, F_GETFD)                      = 0
fcntl(11, F_SETFD, FD_CLOEXEC)          = 0
fcntl(11, F_SETFL, O_RDONLY|O_NONBLOCK) = 0
connect(11, {sa_family=AF_LOCAL, sun_path=@"\x75\x73\x62\x67\x75\x61\x72\x64"}, 110) = 0
setsockopt(11, SOL_SOCKET, SO_PASSCRED, [1], 4) = 0
sendto(11, ""..., 24, MSG_NOSIGNAL, NULL, 0) = 24
setsockopt(11, SOL_SOCKET, SO_PASSCRED, [0], 4) = 0
recvfrom(11, 0x7ffcf551b6f0, 12328, MSG_WAITALL|MSG_NOSIGNAL, NULL, NULL) = -1 EAGAIN (Resource temporarily unavailable)
poll(0x7ffcf551b580, 1, -1)             = 1 ([...])
recvfrom(11, ""..., 12328, MSG_WAITALL|MSG_NOSIGNAL, NULL, NULL) = 12328
shutdown(11, SHUT_RDWR)                 = 0
close(11)                               = 0
clock_gettime(CLOCK_MONOTONIC, {479383, 18710623}) = 0
poll(0x1d50f80, 1, 994)                 = 0 (Timeout)
clock_gettime(CLOCK_MONOTONIC, {479384, 14424949}) = 0
socket(PF_LOCAL, SOCK_STREAM, 0)        = 11
fcntl(11, F_GETFD)                      = 0
fcntl(11, F_SETFD, FD_CLOEXEC)          = 0
fcntl(11, F_SETFL, O_RDONLY|O_NONBLOCK) = 0
connect(11, {sa_family=AF_LOCAL, sun_path=@"\x75\x73\x62\x67\x75\x61\x72\x64"}, 110) = 0
setsockopt(11, SOL_SOCKET, SO_PASSCRED, [1], 4) = 0
sendto(11, ""..., 24, MSG_NOSIGNAL, NULL, 0) = 24
setsockopt(11, SOL_SOCKET, SO_PASSCRED, [0], 4) = 0
recvfrom(11, 0x7ffcf551b6f0, 12328, MSG_WAITALL|MSG_NOSIGNAL, NULL, NULL) = -1 EAGAIN (Resource temporarily unavailable)
poll(0x7ffcf551b580, 1, -1)             = 1 ([...])
recvfrom(11, ""..., 12328, MSG_WAITALL|MSG_NOSIGNAL, NULL, NULL) = 12328
shutdown(11, SHUT_RDWR)                 = 0
close(11)                               = 0
clock_gettime(CLOCK_MONOTONIC, {479384, 18334386}) = 0
poll(0x1d50f80, 1, 995)                 = 0 (Timeout)
clock_gettime(CLOCK_MONOTONIC, {479385, 15041914}) = 0
socket(PF_LOCAL, SOCK_STREAM, 0)        = 11
fcntl(11, F_GETFD)                      = 0
fcntl(11, F_SETFD, FD_CLOEXEC)          = 0
fcntl(11, F_SETFL, O_RDONLY|O_NONBLOCK) = 0
connect(11, {sa_family=AF_LOCAL, sun_path=@"\x75\x73\x62\x67\x75\x61\x72\x64"}, 110) = 0
setsockopt(11, SOL_SOCKET, SO_PASSCRED, [1], 4) = 0
sendto(11, ""..., 24, MSG_NOSIGNAL, NULL, 0) = 24
setsockopt(11, SOL_SOCKET, SO_PASSCRED, [0], 4) = 0
recvfrom(11, 0x7ffcf551b6f0, 12328, MSG_WAITALL|MSG_NOSIGNAL, NULL, NULL) = -1 EAGAIN (Resource temporarily unavailable)
poll(0x7ffcf551b580, 1, -1)             = 1 ([...])
recvfrom(11, ""..., 12328, MSG_WAITALL|MSG_NOSIGNAL, NULL, NULL) = 12328
shutdown(11, SHUT_RDWR)                 = 0
close(11)                               = 0
clock_gettime(CLOCK_MONOTONIC, {479385, 20314238}) = 0
poll(0x1d50f80, 1, 993)                 = 0 (Timeout)
clock_gettime(CLOCK_MONOTONIC, {479386, 15049756}) = 0
socket(PF_LOCAL, SOCK_STREAM, 0)        = 11
fcntl(11, F_GETFD)                      = 0
fcntl(11, F_SETFD, FD_CLOEXEC)          = 0
fcntl(11, F_SETFL, O_RDONLY|O_NONBLOCK) = 0
connect(11, {sa_family=AF_LOCAL, sun_path=@"\x75\x73\x62\x67\x75\x61\x72\x64"}, 110) = 0
setsockopt(11, SOL_SOCKET, SO_PASSCRED, [1], 4) = 0
sendto(11, ""..., 24, MSG_NOSIGNAL, NULL, 0) = 24
setsockopt(11, SOL_SOCKET, SO_PASSCRED, [0], 4) = 0
recvfrom(11, 0x7ffcf551b6f0, 12328, MSG_WAITALL|MSG_NOSIGNAL, NULL, NULL) = -1 EAGAIN (Resource temporarily unavailable)
poll(0x7ffcf551b580, 1, -1)             = 1 ([...])
recvfrom(11, ""..., 12328, MSG_WAITALL|MSG_NOSIGNAL, NULL, NULL) = 12328
shutdown(11, SHUT_RDWR)                 = 0
close(11)                               = 0
clock_gettime(CLOCK_MONOTONIC, {479386, 20975095}) = 0
poll(0x1d50f80, 1, 992)                 = 0 (Timeout)
clock_gettime(CLOCK_MONOTONIC, {479387, 16186435}) = 0
socket(PF_LOCAL, SOCK_STREAM, 0)        = 11
fcntl(11, F_GETFD)                      = 0
fcntl(11, F_SETFD, FD_CLOEXEC)          = 0
fcntl(11, F_SETFL, O_RDONLY|O_NONBLOCK) = 0
connect(11, {sa_family=AF_LOCAL, sun_path=@"\x75\x73\x62\x67\x75\x61\x72\x64"}, 110) = 0
setsockopt(11, SOL_SOCKET, SO_PASSCRED, [1], 4) = 0
sendto(11, ""..., 24, MSG_NOSIGNAL, NULL, 0) = 24
setsockopt(11, SOL_SOCKET, SO_PASSCRED, [0], 4) = 0
recvfrom(11, 0x7ffcf551b6f0, 12328, MSG_WAITALL|MSG_NOSIGNAL, NULL, NULL) = -1 EAGAIN (Resource temporarily unavailable)
poll(0x7ffcf551b580, 1, -1)             = 1 ([...])
recvfrom(11, ""..., 12328, MSG_WAITALL|MSG_NOSIGNAL, NULL, NULL) = 12328
shutdown(11, SHUT_RDWR)                 = 0
close(11)                               = 0
clock_gettime(CLOCK_MONOTONIC, {479387, 20791031}) = 0
poll(0x1d50f80, 1, 992)                 = 0 (Timeout)
clock_gettime(CLOCK_MONOTONIC, {479388, 16488316}) = 0
socket(PF_LOCAL, SOCK_STREAM, 0)        = 11
fcntl(11, F_GETFD)                      = 0
fcntl(11, F_SETFD, FD_CLOEXEC)          = 0
fcntl(11, F_SETFL, O_RDONLY|O_NONBLOCK) = 0
connect(11, {sa_family=AF_LOCAL, sun_path=@"\x75\x73\x62\x67\x75\x61\x72\x64"}, 110) = 0
setsockopt(11, SOL_SOCKET, SO_PASSCRED, [1], 4) = 0
sendto(11, ""..., 24, MSG_NOSIGNAL, NULL, 0) = 24
setsockopt(11, SOL_SOCKET, SO_PASSCRED, [0], 4) = 0
recvfrom(11, 0x7ffcf551b6f0, 12328, MSG_WAITALL|MSG_NOSIGNAL, NULL, NULL) = -1 EAGAIN (Resource temporarily unavailable)
poll(0x7ffcf551b580, 1, -1)             = 1 ([...])
recvfrom(11, ""..., 12328, MSG_WAITALL|MSG_NOSIGNAL, NULL, NULL) = 12328
shutdown(11, SHUT_RDWR)                 = 0
close(11)                               = 0
clock_gettime(CLOCK_MONOTONIC, {479388, 20842940}) = 0
poll(0x1d50f80, 1, 992)                 = 0 (Timeout)
clock_gettime(CLOCK_MONOTONIC, {479389, 14590957}) = 0
socket(PF_LOCAL, SOCK_STREAM, 0)        = 11
fcntl(11, F_GETFD)                      = 0
fcntl(11, F_SETFD, FD_CLOEXEC)          = 0
fcntl(11, F_SETFL, O_RDONLY|O_NONBLOCK) = 0
connect(11, {sa_family=AF_LOCAL, sun_path=@"\x75\x73\x62\x67\x75\x61\x72\x64"}, 110) = 0
setsockopt(11, SOL_SOCKET, SO_PASSCRED, [1], 4) = 0
sendto(11, ""..., 24, MSG_NOSIGNAL, NULL, 0) = 24
setsockopt(11, SOL_SOCKET, SO_PASSCRED, [0], 4) = 0
recvfrom(11, 0x7ffcf551b6f0, 12328, MSG_WAITALL|MSG_NOSIGNAL, NULL, NULL) = -1 EAGAIN (Resource temporarily unavailable)
poll(0x7ffcf551b580, 1, -1)             = 1 ([...])
recvfrom(11, ""..., 12328, MSG_WAITALL|MSG_NOSIGNAL, NULL, NULL) = 12328
shutdown(11, SHUT_RDWR)                 = 0
close(11)                               = 0
clock_gettime(CLOCK_MONOTONIC, {479389, 20208890}) = 0
poll(0x1d50f80, 1, 993)                 = 0 (Timeout)
clock_gettime(CLOCK_MONOTONIC, {479390, 15062593}) = 0
socket(PF_LOCAL, SOCK_STREAM, 0)        = 11
fcntl(11, F_GETFD)                      = 0
fcntl(11, F_SETFD, FD_CLOEXEC)          = 0
fcntl(11, F_SETFL, O_RDONLY|O_NONBLOCK) = 0
connect(11, {sa_family=AF_LOCAL, sun_path=@"\x75\x73\x62\x67\x75\x61\x72\x64"}, 110) = 0
setsockopt(11, SOL_SOCKET, SO_PASSCRED, [1], 4) = 0
sendto(11, ""..., 24, MSG_NOSIGNAL, NULL, 0) = 24
setsockopt(11, SOL_SOCKET, SO_PASSCRED, [0], 4) = 0
recvfrom(11, 0x7ffcf551b6f0, 12328, MSG_WAITALL|MSG_NOSIGNAL, NULL, NULL) = -1 EAGAIN (Resource temporarily unavailable)
poll(0x7ffcf551b580, 1, -1)             = 1 ([...])
recvfrom(11, ""..., 12328, MSG_WAITALL|MSG_NOSIGNAL, NULL, NULL) = 12328
shutdown(11, SHUT_RDWR)                 = 0
close(11)                               = 0
clock_gettime(CLOCK_MONOTONIC, {479390, 19852744}) = 0
poll(0x1d50f80, 1, 993)                 = 0 (Timeout)
clock_gettime(CLOCK_MONOTONIC, {479391, 14566958}) = 0
socket(PF_LOCAL, SOCK_STREAM, 0)        = 11
fcntl(11, F_GETFD)                      = 0
fcntl(11, F_SETFD, FD_CLOEXEC)          = 0
fcntl(11, F_SETFL, O_RDONLY|O_NONBLOCK) = 0
connect(11, {sa_family=AF_LOCAL, sun_path=@"\x75\x73\x62\x67\x75\x61\x72\x64"}, 110) = 0
setsockopt(11, SOL_SOCKET, SO_PASSCRED, [1], 4) = 0
sendto(11, ""..., 24, MSG_NOSIGNAL, NULL, 0) = 24
setsockopt(11, SOL_SOCKET, SO_PASSCRED, [0], 4) = 0
recvfrom(11, 0x7ffcf551b6f0, 12328, MSG_WAITALL|MSG_NOSIGNAL, NULL, NULL) = -1 EAGAIN (Resource temporarily unavailable)
poll(0x7ffcf551b580, 1, -1)             = 1 ([...])
recvfrom(11, ""..., 12328, MSG_WAITALL|MSG_NOSIGNAL, NULL, NULL) = 12328
shutdown(11, SHUT_RDWR)                 = 0
close(11)                               = 0
clock_gettime(CLOCK_MONOTONIC, {479391, 23616116}) = 0
poll(0x1d50f80, 1, 989)                 = 0 (Timeout)
clock_gettime(CLOCK_MONOTONIC, {479392, 14937973}) = 0
socket(PF_LOCAL, SOCK_STREAM, 0)        = 11
fcntl(11, F_GETFD)                      = 0
fcntl(11, F_SETFD, FD_CLOEXEC)          = 0
fcntl(11, F_SETFL, O_RDONLY|O_NONBLOCK) = 0
connect(11, {sa_family=AF_LOCAL, sun_path=@"\x75\x73\x62\x67\x75\x61\x72\x64"}, 110) = 0
setsockopt(11, SOL_SOCKET, SO_PASSCRED, [1], 4) = 0
sendto(11, ""..., 24, MSG_NOSIGNAL, NULL, 0) = 24
setsockopt(11, SOL_SOCKET, SO_PASSCRED, [0], 4) = 0
recvfrom(11, 0x7ffcf551b6f0, 12328, MSG_WAITALL|MSG_NOSIGNAL, NULL, NULL) = -1 EAGAIN (Resource temporarily unavailable)
poll(0x7ffcf551b580, 1, -1)             = 1 ([...])
recvfrom(11, ""..., 12328, MSG_WAITALL|MSG_NOSIGNAL, NULL, NULL) = 12328
shutdown(11, SHUT_RDWR)                 = 0
close(11)                               = 0
clock_gettime(CLOCK_MONOTONIC, {479392, 20786776}) = 0
poll(0x1d50f80, 1, 992)                 = 0 (Timeout)
clock_gettime(CLOCK_MONOTONIC, {479393, 14585941}) = 0
socket(PF_LOCAL, SOCK_STREAM, 0)        = 11
fcntl(11, F_GETFD)                      = 0
fcntl(11, F_SETFD, FD_CLOEXEC)          = 0
fcntl(11, F_SETFL, O_RDONLY|O_NONBLOCK) = 0
connect(11, {sa_family=AF_LOCAL, sun_path=@"\x75\x73\x62\x67\x75\x61\x72\x64"}, 110) = 0
setsockopt(11, SOL_SOCKET, SO_PASSCRED, [1], 4) = 0
sendto(11, ""..., 24, MSG_NOSIGNAL, NULL, 0) = 24
setsockopt(11, SOL_SOCKET, SO_PASSCRED, [0], 4) = 0
recvfrom(11, 0x7ffcf551b6f0, 12328, MSG_WAITALL|MSG_NOSIGNAL, NULL, NULL) = -1 EAGAIN (Resource temporarily unavailable)
poll(0x7ffcf551b580, 1, -1)             = 1 ([...])
recvfrom(11, ""..., 12328, MSG_WAITALL|MSG_NOSIGNAL, NULL, NULL) = 12328
shutdown(11, SHUT_RDWR)                 = 0
close(11)                               = 0
clock_gettime(CLOCK_MONOTONIC, {479393, 18150434}) = 0
poll(0x1d50f80, 1, 995)                 = 0 (Timeout)
clock_gettime(CLOCK_MONOTONIC, {479394, 15104480}) = 0
socket(PF_LOCAL, SOCK_STREAM, 0)        = 11
fcntl(11, F_GETFD)                      = 0
fcntl(11, F_SETFD, FD_CLOEXEC)          = 0
fcntl(11, F_SETFL, O_RDONLY|O_NONBLOCK) = 0
connect(11, {sa_family=AF_LOCAL, sun_path=@"\x75\x73\x62\x67\x75\x61\x72\x64"}, 110) = 0
setsockopt(11, SOL_SOCKET, SO_PASSCRED, [1], 4) = 0
sendto(11, ""..., 24, MSG_NOSIGNAL, NULL, 0) = 24
setsockopt(11, SOL_SOCKET, SO_PASSCRED, [0], 4) = 0
recvfrom(11, ""..., 12328, MSG_WAITALL|MSG_NOSIGNAL, NULL, NULL) = 12328
shutdown(11, SHUT_RDWR)                 = 0
close(11)                               = 0
clock_gettime(CLOCK_MONOTONIC, {479394, 22858568}) = 0
poll(0x1d50f80, 1, 990)                 = 0 (Timeout)
clock_gettime(CLOCK_MONOTONIC, {479395, 14723157}) = 0
socket(PF_LOCAL, SOCK_STREAM, 0)        = 11
fcntl(11, F_GETFD)                      = 0
fcntl(11, F_SETFD, FD_CLOEXEC)          = 0
fcntl(11, F_SETFL, O_RDONLY|O_NONBLOCK) = 0
connect(11, {sa_family=AF_LOCAL, sun_path=@"\x75\x73\x62\x67\x75\x61\x72\x64"}, 110) = 0
setsockopt(11, SOL_SOCKET, SO_PASSCRED, [1], 4) = 0
sendto(11, ""..., 24, MSG_NOSIGNAL, NULL, 0) = 24
setsockopt(11, SOL_SOCKET, SO_PASSCRED, [0], 4) = 0
recvfrom(11, 0x7ffcf551b6f0, 12328, MSG_WAITALL|MSG_NOSIGNAL, NULL, NULL) = -1 EAGAIN (Resource temporarily unavailable)
poll(0x7ffcf551b580, 1, -1)             = 1 ([...])
recvfrom(11, ""..., 12328, MSG_WAITALL|MSG_NOSIGNAL, NULL, NULL) = 12328
shutdown(11, SHUT_RDWR)                 = 0
close(11)                               = 0
clock_gettime(CLOCK_MONOTONIC, {479395, 19938403}) = 0
poll(0x1d50f80, 1, 993)                 = 0 (Timeout)
clock_gettime(CLOCK_MONOTONIC, {479396, 14754393}) = 0
socket(PF_LOCAL, SOCK_STREAM, 0)        = 11
fcntl(11, F_GETFD)                      = 0
fcntl(11, F_SETFD, FD_CLOEXEC)          = 0
fcntl(11, F_SETFL, O_RDONLY|O_NONBLOCK) = 0
connect(11, {sa_family=AF_LOCAL, sun_path=@"\x75\x73\x62\x67\x75\x61\x72\x64"}, 110) = 0
setsockopt(11, SOL_SOCKET, SO_PASSCRED, [1], 4) = 0
sendto(11, ""..., 24, MSG_NOSIGNAL, NULL, 0) = 24
setsockopt(11, SOL_SOCKET, SO_PASSCRED, [0], 4) = 0
recvfrom(11, 0x7ffcf551b6f0, 12328, MSG_WAITALL|MSG_NOSIGNAL, NULL, NULL) = -1 EAGAIN (Resource temporarily unavailable)
poll(0x7ffcf551b580, 1, -1)             = 1 ([...])
recvfrom(11, ""..., 12328, MSG_WAITALL|MSG_NOSIGNAL, NULL, NULL) = 12328
shutdown(11, SHUT_RDWR)                 = 0
close(11)                               = 0
clock_gettime(CLOCK_MONOTONIC, {479396, 21380393}) = 0
poll(0x1d50f80, 1, 992)                 = 0 (Timeout)
clock_gettime(CLOCK_MONOTONIC, {479397, 15659721}) = 0
socket(PF_LOCAL, SOCK_STREAM, 0)        = 11
fcntl(11, F_GETFD)                      = 0
fcntl(11, F_SETFD, FD_CLOEXEC)          = 0
fcntl(11, F_SETFL, O_RDONLY|O_NONBLOCK) = 0
connect(11, {sa_family=AF_LOCAL, sun_path=@"\x75\x73\x62\x67\x75\x61\x72\x64"}, 110) = 0
setsockopt(11, SOL_SOCKET, SO_PASSCRED, [1], 4) = 0
sendto(11, ""..., 24, MSG_NOSIGNAL, NULL, 0) = 24
setsockopt(11, SOL_SOCKET, SO_PASSCRED, [0], 4) = 0
recvfrom(11, ""..., 12328, MSG_WAITALL|MSG_NOSIGNAL, NULL, NULL) = 12328
shutdown(11, SHUT_RDWR)                 = 0
close(11)                               = 0
clock_gettime(CLOCK_MONOTONIC, {479397, 21970135}) = 0
poll(0x1d50f80, 1, 991)                 = 0 (Timeout)
clock_gettime(CLOCK_MONOTONIC, {479398, 14904876}) = 0
socket(PF_LOCAL, SOCK_STREAM, 0)        = 11
fcntl(11, F_GETFD)                      = 0
fcntl(11, F_SETFD, FD_CLOEXEC)          = 0
fcntl(11, F_SETFL, O_RDONLY|O_NONBLOCK) = 0
connect(11, {sa_family=AF_LOCAL, sun_path=@"\x75\x73\x62\x67\x75\x61\x72\x64"}, 110) = 0
setsockopt(11, SOL_SOCKET, SO_PASSCRED, [1], 4) = 0
sendto(11, ""..., 24, MSG_NOSIGNAL, NULL, 0) = 24
setsockopt(11, SOL_SOCKET, SO_PASSCRED, [0], 4) = 0
recvfrom(11, 0x7ffcf551b6f0, 12328, MSG_WAITALL|MSG_NOSIGNAL, NULL, NULL) = -1 EAGAIN (Resource temporarily unavailable)
poll(0x7ffcf551b580, 1, -1)             = 1 ([...])
recvfrom(11, ""..., 12328, MSG_WAITALL|MSG_NOSIGNAL, NULL, NULL) = 12328
shutdown(11, SHUT_RDWR)                 = 0
close(11)                               = 0
clock_gettime(CLOCK_MONOTONIC, {479398, 19725306}) = 0
poll(0x1d50f80, 1, 993)                 = ? ERESTART_RESTARTBLOCK (Interrupted by signal)
--- SIGINT {si_signo=SIGINT, si_code=SI_KERNEL} ---
+++ killed by SIGINT +++
set_robust_list(0x7f1be08d09e0, 24)     = 0
mmap(NULL, 134217728, PROT_NONE, MAP_PRIVATE|MAP_ANONYMOUS|MAP_NORESERVE, -1, 0) = 0x7f1bd80d0000
munmap(0x7f1bd80d0000, 66256896)        = 0
munmap(0x7f1be0000000, 851968)          = 0
mprotect(0x7f1bdc000000, 135168, PROT_READ|PROT_WRITE) = 0
prctl(PR_SET_NAME, ""...)               = 0
poll(0x7f1bdc0008e0, 1, -1)             = 1 ([...])
poll(0x7f1bdc0008e0, 1, -1)             = 1 ([...])
read(4, ""..., 16)                      = 8
poll(0x7f1bdc0008e0, 1, -1 <unfinished ...>
+++ killed by SIGINT +++
set_robust_list(0x7f1bdbfff9e0, 24)     = 0
prctl(PR_SET_NAME, ""...)               = 0
clock_gettime(CLOCK_MONOTONIC, {479371, 37230882}) = 0
mmap(NULL, 134217728, PROT_NONE, MAP_PRIVATE|MAP_ANONYMOUS|MAP_NORESERVE, -1, 0) = 0x7f1bd37ff000
munmap(0x7f1bd37ff000, 8392704)         = 0
munmap(0x7f1bd8000000, 58716160)        = 0
mprotect(0x7f1bd4000000, 139264, PROT_READ|PROT_WRITE) = 0
futex(0x7f1be3b03e08, FUTEX_WAKE_PRIVATE, 2147483647) = 0
futex(0x7f1be3b03e08, FUTEX_WAKE_PRIVATE, 2147483647) = 0
futex(0x7f1be3b03e08, FUTEX_WAKE_PRIVATE, 2147483647) = 0
futex(0x7f1be3b03e08, FUTEX_WAKE_PRIVATE, 2147483647) = 0
futex(0x7f1be3b03e08, FUTEX_WAKE_PRIVATE, 2147483647) = 0
futex(0x7f1be3b03e08, FUTEX_WAKE_PRIVATE, 2147483647) = 0
futex(0x7f1be3b03e08, FUTEX_WAKE_PRIVATE, 2147483647) = 0
futex(0x7f1be3b03e08, FUTEX_WAKE_PRIVATE, 2147483647) = 0
futex(0x7f1be3b03e08, FUTEX_WAKE_PRIVATE, 2147483647) = 0
futex(0x7f1be3b03e08, FUTEX_WAKE_PRIVATE, 2147483647) = 0
futex(0x7f1be3b03e08, FUTEX_WAKE_PRIVATE, 2147483647) = 0
futex(0x7f1be3b03e08, FUTEX_WAKE_PRIVATE, 2147483647) = 0
futex(0x7f1be3b03e08, FUTEX_WAKE_PRIVATE, 2147483647) = 0
futex(0x7f1be3b03e08, FUTEX_WAKE_PRIVATE, 2147483647) = 0
futex(0x7f1be3b03e08, FUTEX_WAKE_PRIVATE, 2147483647) = 0
futex(0x7f1be3b03e08, FUTEX_WAKE_PRIVATE, 2147483647) = 0
futex(0x7f1be3b03e08, FUTEX_WAKE_PRIVATE, 2147483647) = 0
futex(0x7f1be3b03e08, FUTEX_WAKE_PRIVATE, 2147483647) = 0
futex(0x7f1be3b03e08, FUTEX_WAKE_PRIVATE, 2147483647) = 0
futex(0x7f1be3b03e08, FUTEX_WAKE_PRIVATE, 2147483647) = 0
futex(0x7f1be3b03e08, FUTEX_WAKE_PRIVATE, 2147483647) = 0
futex(0x7f1be3b03e08, FUTEX_WAKE_PRIVATE, 2147483647) = 0
futex(0x7f1be3b03e08, FUTEX_WAKE_PRIVATE, 2147483647) = 0
futex(0x7f1be3b03e08, FUTEX_WAKE_PRIVATE, 2147483647) = 0
futex(0x7f1be3b03e08, FUTEX_WAKE_PRIVATE, 2147483647) = 0
futex(0x7f1be3b03e08, FUTEX_WAKE_PRIVATE, 2147483647) = 0
futex(0x7f1be3b03e08, FUTEX_WAKE_PRIVATE, 2147483647) = 0
futex(0x7f1be3b03e08, FUTEX_WAKE_PRIVATE, 2147483647) = 0
rt_sigaction(SIGPIPE, {SIG_IGN, [PIPE], SA_RESTORER|SA_RESTART, 0x7f1be2771b20}, {SIG_DFL, [], 0}, 8) = 0
futex(0x7f1be3b03e08, FUTEX_WAKE_PRIVATE, 2147483647) = 0
socket(PF_LOCAL, SOCK_STREAM|SOCK_CLOEXEC, 0) = 5
fcntl(5, F_GETFL)                       = 0x2 (flags O_RDWR)
fcntl(5, F_SETFL, O_RDWR|O_NONBLOCK)    = 0
futex(0x7f1be3b03e08, FUTEX_WAKE_PRIVATE, 2147483647) = 0
futex(0x7f1be3b03e08, FUTEX_WAKE_PRIVATE, 2147483647) = 0
futex(0x7f1be3b03e08, FUTEX_WAKE_PRIVATE, 2147483647) = 0
futex(0x7f1be3b03e08, FUTEX_WAKE_PRIVATE, 2147483647) = 0
futex(0x7f1be3b03e08, FUTEX_WAKE_PRIVATE, 2147483647) = 0
connect(5, {sa_family=AF_LOCAL, sun_path=@"\x2f\x74\x6d\x70\x2f\x64\x62\x75\x73\x2d\x71\x57\x41\x66\x5a\x64\x70\x78\x6f\x61"}, 23) = 0
futex(0x7f1be3b03e08, FUTEX_WAKE_PRIVATE, 2147483647) = 0
futex(0x7f1be3b03e08, FUTEX_WAKE_PRIVATE, 2147483647) = 0
futex(0x7f1be3b03e08, FUTEX_WAKE_PRIVATE, 2147483647) = 0
futex(0x7f1be3b03e08, FUTEX_WAKE_PRIVATE, 2147483647) = 0
futex(0x7f1be3b03e08, FUTEX_WAKE_PRIVATE, 2147483647) = 0
futex(0x7f1be3b03e08, FUTEX_WAKE_PRIVATE, 2147483647) = 0
futex(0x7f1be3b03e08, FUTEX_WAKE_PRIVATE, 2147483647) = 0
futex(0x7f1be3b03e08, FUTEX_WAKE_PRIVATE, 2147483647) = 0
futex(0x7f1be3b03e08, FUTEX_WAKE_PRIVATE, 2147483647) = 0
futex(0x7f1be3b03e08, FUTEX_WAKE_PRIVATE, 2147483647) = 0
futex(0x7f1be3b03e08, FUTEX_WAKE_PRIVATE, 2147483647) = 0
futex(0x7f1be3b03e08, FUTEX_WAKE_PRIVATE, 2147483647) = 0
futex(0x7f1be3b03e08, FUTEX_WAKE_PRIVATE, 2147483647) = 0
futex(0x7f1be3b03e08, FUTEX_WAKE_PRIVATE, 2147483647) = 0
futex(0x7f1be3b03e08, FUTEX_WAKE_PRIVATE, 2147483647) = 0
futex(0x7f1be3b03e08, FUTEX_WAKE_PRIVATE, 2147483647) = 0
futex(0x7f1be3b03e08, FUTEX_WAKE_PRIVATE, 2147483647) = 0
futex(0x7f1be3b03e08, FUTEX_WAKE_PRIVATE, 2147483647) = 0
futex(0x7f1be3b03e08, FUTEX_WAKE_PRIVATE, 2147483647) = 0
futex(0x7f1be3b03e08, FUTEX_WAKE_PRIVATE, 2147483647) = 0
futex(0x7f1be3b03e08, FUTEX_WAKE_PRIVATE, 2147483647) = 0
futex(0x7f1be3b03e08, FUTEX_WAKE_PRIVATE, 2147483647) = 0
geteuid()                               = 1000
getegid()                               = 1000
geteuid()                               = 1000
getegid()                               = 1000
futex(0x7f1be3b03e08, FUTEX_WAKE_PRIVATE, 2147483647) = 0
futex(0x7f1be3b03e08, FUTEX_WAKE_PRIVATE, 2147483647) = 0
sendmsg(5, {msg_name(0)=NULL, msg_iov(1)=[...], msg_controllen=32, [{cmsg_len=28, cmsg_level=SOL_SOCKET, cmsg_type=SCM_CREDENTIALS, {pid=25453, uid=1000, gid=1000}}], msg_flags=0}, MSG_NOSIGNAL) = 1
sendto(5, ""..., 6, MSG_NOSIGNAL, NULL, 0) = 6
recvfrom(5, ""..., 4096, 0, NULL, NULL) = 46
sendto(5, ""..., 24, MSG_NOSIGNAL, NULL, 0) = 24
recvfrom(5, ""..., 4096, 0, NULL, NULL) = 37
sendto(5, ""..., 19, MSG_NOSIGNAL, NULL, 0) = 19
recvfrom(5, ""..., 4096, 0, NULL, NULL) = 15
sendto(5, ""..., 7, MSG_NOSIGNAL, NULL, 0) = 7
futex(0x7f1be3b03e08, FUTEX_WAKE_PRIVATE, 2147483647) = 0
futex(0x7f1be3b03e08, FUTEX_WAKE_PRIVATE, 2147483647) = 0
eventfd2(0, EFD_CLOEXEC|EFD_NONBLOCK)   = 6
write(6, ""..., 8)                      = 8
mmap(NULL, 8392704, PROT_READ|PROT_WRITE, MAP_PRIVATE|MAP_ANONYMOUS|MAP_STACK, -1, 0) = 0x7f1bdaffe000
mprotect(0x7f1bdaffe000, 4096, PROT_NONE) = 0
clone(child_stack=0x7f1bdb7fde30, flags=CLONE_VM|CLONE_FS|CLONE_FILES|CLONE_SIGHAND|CLONE_THREAD|CLONE_SYSVSEM|CLONE_SETTLS|CLONE_PARENT_SETTID|CLONE_CHILD_CLEARTID, parent_tidptr=0x7f1bdb7fe9d0, tls=0x7f1bdb7fe700, child_tidptr=0x7f1bdb7fe9d0) = 25456
futex(0x7f1be3b03e08, FUTEX_WAKE_PRIVATE, 2147483647) = 0
futex(0x7f1be3b03e08, FUTEX_WAKE_PRIVATE, 2147483647) = 0
eventfd2(0, EFD_CLOEXEC|EFD_NONBLOCK)   = 7
write(7, ""..., 8)                      = 8
write(6, ""..., 8)                      = 8
futex(0x7f1bd400e4a0, FUTEX_WAKE_PRIVATE, 1) = 1
futex(0x7f1bd400e4a0, FUTEX_WAIT_PRIVATE, 2, NULL) = 0
futex(0x7f1bd400e4a0, FUTEX_WAKE_PRIVATE, 1) = 0
clock_gettime(CLOCK_MONOTONIC, {479371, 43528001}) = 0
clock_gettime(CLOCK_MONOTONIC, {479371, 43586912}) = 0
poll(0x7f1bd4010be0, 1, 25000)          = 1 ([...])
clock_gettime(CLOCK_MONOTONIC, {479371, 43709123}) = 0
clock_gettime(CLOCK_MONOTONIC, {479371, 43774912}) = 0
poll(0x7f1bd4010be0, 1, 25000)          = 1 ([...])
read(7, ""..., 16)                      = 8
clock_gettime(CLOCK_MONOTONIC, {479371, 43962905}) = 0
clock_gettime(CLOCK_MONOTONIC, {479371, 44031396}) = 0
poll(0x7f1bd4010be0, 1, 25000)          = 1 ([...])
read(7, ""..., 16)                      = 8
write(7, ""..., 8)                      = 8
futex(0x7f1bd4010810, FUTEX_WAKE_PRIVATE, 2147483647) = 0
close(7)                                = 0
write(3, ""..., 8)                      = 8
futex(0x1d45020, FUTEX_WAKE_PRIVATE, 1) = 1
clock_gettime(CLOCK_MONOTONIC, {479371, 45660582}) = 0
clock_gettime(CLOCK_MONOTONIC, {479371, 45804180}) = 0
futex(0x1d452a0, FUTEX_WAIT_PRIVATE, 0, {0, 499855820}) = -1 ETIMEDOUT (Connection timed out)
clock_gettime(CLOCK_MONOTONIC, {479371, 546494088}) = 0
clock_gettime(CLOCK_MONOTONIC, {479371, 546810886}) = 0
futex(0x1d452f0, FUTEX_WAIT_PRIVATE, 0, {14, 999683114}) = -1 ETIMEDOUT (Connection timed out)
gettimeofday({1456740702, 639807}, NULL) = 0
madvise(0x7f1bdb7ff000, 8368128, MADV_DONTNEED) = 0
exit(0)                                 = ?
set_robust_list(0x7f1bdb7fe9e0, 24)     = 0
prctl(PR_SET_NAME, ""...)               = 0
mmap(NULL, 134217728, PROT_NONE, MAP_PRIVATE|MAP_ANONYMOUS|MAP_NORESERVE, -1, 0) = 0x7f1bcc000000
munmap(0x7f1bd0000000, 67108864)        = 0
mprotect(0x7f1bcc000000, 139264, PROT_READ|PROT_WRITE) = 0
poll(0x7f1bcc0010c0, 1, 0)              = 1 ([...])
futex(0x7f1bd400e4a0, FUTEX_WAIT_PRIVATE, 2, NULL) = 0
clock_gettime(CLOCK_MONOTONIC, {479371, 43313995}) = 0
futex(0x7f1bd400e4a0, FUTEX_WAKE_PRIVATE, 1) = 1
poll(0x7f1bdb7fdbd0, 1, 0)              = 0 (Timeout)
write(6, ""..., 8)                      = 8
poll(0x7f1bcc0010c0, 2, 0)              = 1 ([...])
read(6, ""..., 16)                      = 8
clock_gettime(CLOCK_MONOTONIC, {479371, 43688080}) = 0
sendmsg(5, {msg_name(0)=NULL, msg_iov(1)=[...], msg_controllen=0, msg_flags=0}, MSG_NOSIGNAL) = 128
poll(0x7f1bcc0010c0, 2, 0)              = 0 (Timeout)
read(6, 0x7f1bdb7fdc30, 16)             = -1 EAGAIN (Resource temporarily unavailable)
poll(0x7f1bcc0010c0, 2, -1)             = 1 ([...])
write(6, ""..., 8)                      = 8
recvmsg(5, {msg_name(0)=NULL, msg_iov(1)=[...], msg_controllen=0, msg_flags=MSG_CMSG_CLOEXEC}, MSG_CMSG_CLOEXEC) = 16
clock_gettime(CLOCK_MONOTONIC, {479371, 44476465}) = 0
poll(0x7f1bdb7fdab0, 1, 0)              = 1 ([...])
recvmsg(5, {msg_name(0)=NULL, msg_iov(1)=[...], msg_controllen=0, msg_flags=MSG_CMSG_CLOEXEC}, MSG_CMSG_CLOEXEC) = 75
write(6, ""..., 8)                      = 8
write(6, ""..., 8)                      = 8
poll(0x7f1bcc0010c0, 1, 0)              = 1 ([...])
write(7, ""..., 8)                      = 8
clock_gettime(CLOCK_MONOTONIC, {479371, 44948144}) = 0
poll(0x7f1bdb7fdb50, 1, 0)              = 1 ([...])
recvmsg(5, {msg_name(0)=NULL, msg_iov(1)=[...], msg_controllen=0, msg_flags=MSG_CMSG_CLOEXEC}, MSG_CMSG_CLOEXEC) = 16
poll(0x7f1bcc0010c0, 1, 0)              = 1 ([...])
read(6, ""..., 16)                      = 8
clock_gettime(CLOCK_MONOTONIC, {479371, 45319782}) = 0
poll(0x7f1bdb7fdb50, 1, 0)              = 1 ([...])
recvmsg(5, {msg_name(0)=NULL, msg_iov(1)=[...], msg_controllen=0, msg_flags=MSG_CMSG_CLOEXEC}, MSG_CMSG_CLOEXEC) = 155
poll(0x7f1bcc0010c0, 1, 0)              = 0 (Timeout)
read(6, 0x7f1bdb7fdc30, 16)             = -1 EAGAIN (Resource temporarily unavailable)
clock_gettime(CLOCK_MONOTONIC, {479371, 45689334}) = 0
poll(0x7f1bdb7fdb50, 1, 0)              = 0 (Timeout)
write(6, ""..., 8)                      = 8
futex(0x7f1bd400e4a0, FUTEX_WAKE_PRIVATE, 1) = 1
futex(0x7f1bd400e4a0, FUTEX_WAIT_PRIVATE, 2, NULL) = 0
futex(0x7f1bd400e4a0, FUTEX_WAKE_PRIVATE, 1) = 0
poll(0x7f1bcc0010c0, 2, 0)              = 1 ([...])
clock_gettime(CLOCK_MONOTONIC, {479371, 46199960}) = 0
sendmsg(5, {msg_name(0)=NULL, msg_iov(1)=[...], msg_controllen=0, msg_flags=0}, MSG_NOSIGNAL) = 168
poll(0x7f1bcc0010c0, 2, 0)              = 1 ([...])
read(6, ""..., 16)                      = 8
poll(0x7f1bcc0010c0, 2, -1)             = 1 ([...])
read(6, 0x7f1bdb7fdc30, 16)             = -1 EAGAIN (Resource temporarily unavailable)
write(6, ""..., 8)                      = 8
recvmsg(5, {msg_name(0)=NULL, msg_iov(1)=[...], msg_controllen=0, msg_flags=MSG_CMSG_CLOEXEC}, MSG_CMSG_CLOEXEC) = 16
clock_gettime(CLOCK_MONOTONIC, {479371, 46879547}) = 0
poll(0x7f1bdb7fdab0, 1, 0)              = 1 ([...])
recvmsg(5, {msg_name(0)=NULL, msg_iov(1)=[...], msg_controllen=0, msg_flags=MSG_CMSG_CLOEXEC}, MSG_CMSG_CLOEXEC) = 161
write(6, ""..., 8)                      = 8
write(6, ""..., 8)                      = 8
poll(0x7f1bcc0010c0, 1, 0)              = 1 ([...])
clock_gettime(CLOCK_MONOTONIC, {479371, 47260769}) = 0
poll(0x7f1bdb7fdb50, 1, 0)              = 1 ([...])
recvmsg(5, {msg_name(0)=NULL, msg_iov(1)=[...], msg_controllen=0, msg_flags=MSG_CMSG_CLOEXEC}, MSG_CMSG_CLOEXEC) = 16
poll(0x7f1bcc0010c0, 1, 0)              = 1 ([...])
read(6, ""..., 16)                      = 8
clock_gettime(CLOCK_MONOTONIC, {479371, 47589835}) = 0
poll(0x7f1bdb7fdb50, 1, 0)              = 1 ([...])
recvmsg(5, {msg_name(0)=NULL, msg_iov(1)=[...], msg_controllen=0, msg_flags=MSG_CMSG_CLOEXEC}, MSG_CMSG_CLOEXEC) = 68
poll(0x7f1bcc0010c0, 1, 0)              = 0 (Timeout)
read(6, 0x7f1bdb7fdc30, 16)             = -1 EAGAIN (Resource temporarily unavailable)
write(3, ""..., 8)                      = 8
futex(0x1d45020, FUTEX_WAKE_PRIVATE, 1) = 0
futex(0x1d45020, FUTEX_WAIT_PRIVATE, 2, NULL) = 0
futex(0x1d45020, FUTEX_WAKE_PRIVATE, 1) = 0
clock_gettime(CLOCK_MONOTONIC, {479371, 48453472}) = 0
poll(0x7f1bdb7fdb50, 1, 0)              = 0 (Timeout)
write(6, ""..., 8)                      = 8
poll(0x7f1bcc0010c0, 2, -1)             = 1 ([...])
poll(0x7f1bcc0010c0, 2, -1)             = 1 ([...])
read(6, ""..., 16)                      = 8
poll(0x7f1bcc0010c0, 2, -1 <unfinished ...>
+++ killed by SIGINT +++
set_robust_list(0x7f1bdaffd9e0, 24)     = 0
clock_gettime(CLOCK_MONOTONIC, {479371, 50432100}) = 0
getrlimit(RLIMIT_NOFILE, {rlim_cur=1024, rlim_max=4*1024}) = 0
epoll_wait(8,  <unfinished ...>
+++ killed by SIGINT +++
